This is pdfTeX, Version 3.1415926-1.40.10 (TeX Live 2009/Debian) (format=pdflatex 2013.4.1)  13 APR 2013 21:13
entering extended mode
 %&-line parsing enabled.
**report.tex
(./report.tex
LaTeX2e <2009/09/24>
Babel <v3.8l> and hyphenation patterns for english, usenglishmax, dumylang, noh
yphenation, loaded.
(/usr/share/texmf-texlive/tex/latex/base/report.cls
Document Class: report 2007/10/19 v1.4h Standard LaTeX document class
(/usr/share/texmf-texlive/tex/latex/base/size12.clo
File: size12.clo 2007/10/19 v1.4h Standard LaTeX file (size option)
)
\c@part=\count79
\c@chapter=\count80
\c@section=\count81
\c@subsection=\count82
\c@subsubsection=\count83
\c@paragraph=\count84
\c@subparagraph=\count85
\c@figure=\count86
\c@table=\count87
\abovecaptionskip=\skip41
\belowcaptionskip=\skip42
\bibindent=\dimen102
)
(/usr/share/texmf-texlive/tex/latex/geometry/geometry.sty
Package: geometry 2008/12/21 v4.2 Page Geometry

(/usr/share/texmf-texlive/tex/latex/graphics/keyval.sty
Package: keyval 1999/03/16 v1.13 key=value parser (DPC)
\KV@toks@=\toks14
)
(/usr/share/texmf-texlive/tex/generic/oberdiek/ifpdf.sty
Package: ifpdf 2009/04/10 v2.0 Provides the ifpdf switch (HO)
Package ifpdf Info: pdfTeX in pdf mode detected.
)
(/usr/share/texmf-texlive/tex/generic/oberdiek/ifvtex.sty
Package: ifvtex 2008/11/04 v1.4 Switches for detecting VTeX and its modes (HO)
Package ifvtex Info: VTeX not detected.
)
\Gm@cnth=\count88
\Gm@cntv=\count89
\c@Gm@tempcnt=\count90
\Gm@bindingoffset=\dimen103
\Gm@wd@mp=\dimen104
\Gm@odd@mp=\dimen105
\Gm@even@mp=\dimen106
\Gm@dimlist=\toks15
)
(/usr/share/texmf-texlive/tex/latex/graphics/graphicx.sty
Package: graphicx 1999/02/16 v1.0f Enhanced LaTeX Graphics (DPC,SPQR)

(/usr/share/texmf-texlive/tex/latex/graphics/graphics.sty
Package: graphics 2009/02/05 v1.0o Standard LaTeX Graphics (DPC,SPQR)

(/usr/share/texmf-texlive/tex/latex/graphics/trig.sty
Package: trig 1999/03/16 v1.09 sin cos tan (DPC)
)
(/etc/texmf/tex/latex/config/graphics.cfg
File: graphics.cfg 2009/08/28 v1.8 graphics configuration of TeX Live
)
Package graphics Info: Driver file: pdftex.def on input line 91.

(/usr/share/texmf-texlive/tex/latex/pdftex-def/pdftex.def
File: pdftex.def 2010/03/12 v0.04p Graphics/color for pdfTeX
\Gread@gobject=\count91
))
\Gin@req@height=\dimen107
\Gin@req@width=\dimen108
)
(/usr/share/texmf-texlive/tex/latex/hyperref/hyperref.sty
Package: hyperref 2009/10/09 v6.79a Hypertext links for LaTeX

(/usr/share/texmf-texlive/tex/generic/ifxetex/ifxetex.sty
Package: ifxetex 2009/01/23 v0.5 Provides ifxetex conditional
)
(/usr/share/texmf-texlive/tex/latex/oberdiek/hycolor.sty
Package: hycolor 2009/10/02 v1.5 Code for color options of hyperref/bookmark (H
O)

(/usr/share/texmf-texlive/tex/latex/oberdiek/xcolor-patch.sty
Package: xcolor-patch 2009/10/02 xcolor patch
))
\@linkdim=\dimen109
\Hy@linkcounter=\count92
\Hy@pagecounter=\count93

(/usr/share/texmf-texlive/tex/latex/hyperref/pd1enc.def
File: pd1enc.def 2009/10/09 v6.79a Hyperref: PDFDocEncoding definition (HO)
)
(/usr/share/texmf-texlive/tex/generic/oberdiek/etexcmds.sty
Package: etexcmds 2007/12/12 v1.2 Prefix for e-TeX command names (HO)

(/usr/share/texmf-texlive/tex/generic/oberdiek/infwarerr.sty
Package: infwarerr 2007/09/09 v1.2 Providing info/warning/message (HO)
)
Package etexcmds Info: Could not find \expanded.
(etexcmds)             That can mean that you are not using pdfTeX 1.50 or
(etexcmds)             that some package has redefined \expanded.
(etexcmds)             In the latter case, load this package earlier.
)
(/usr/share/texmf-texlive/tex/latex/latexconfig/hyperref.cfg
File: hyperref.cfg 2002/06/06 v1.2 hyperref configuration of TeXLive
)
(/usr/share/texmf-texlive/tex/latex/oberdiek/kvoptions.sty
Package: kvoptions 2009/08/13 v3.4 Keyval support for LaTeX options (HO)

(/usr/share/texmf-texlive/tex/generic/oberdiek/kvsetkeys.sty
Package: kvsetkeys 2009/07/30 v1.5 Key value parser with default handler suppor
t (HO)
))
Package hyperref Info: Option `bookmarks' set `true' on input line 2864.
Package hyperref Info: Option `colorlinks' set `false' on input line 2864.
Package hyperref Info: Hyper figures OFF on input line 2975.
Package hyperref Info: Link nesting OFF on input line 2980.
Package hyperref Info: Hyper index ON on input line 2983.
Package hyperref Info: Plain pages OFF on input line 2990.
Package hyperref Info: Backreferencing OFF on input line 2995.

Implicit mode ON; LaTeX internals redefined
Package hyperref Info: Bookmarks ON on input line 3191.
(/usr/share/texmf-texlive/tex/latex/ltxmisc/url.sty
\Urlmuskip=\muskip10
Package: url 2006/04/12  ver 3.3  Verb mode for urls, etc.
)
LaTeX Info: Redefining \url on input line 3428.

(/usr/share/texmf-texlive/tex/generic/oberdiek/bitset.sty
Package: bitset 2007/09/28 v1.0 Data type bit set (HO)

(/usr/share/texmf-texlive/tex/generic/oberdiek/intcalc.sty
Package: intcalc 2007/09/27 v1.1 Expandable integer calculations (HO)
)
(/usr/share/texmf-texlive/tex/generic/oberdiek/bigintcalc.sty
Package: bigintcalc 2007/11/11 v1.1 Expandable big integer calculations (HO)

(/usr/share/texmf-texlive/tex/generic/oberdiek/pdftexcmds.sty
Package: pdftexcmds 2009/09/23 v0.6 LuaTeX support for pdfTeX utility functions
 (HO)

(/usr/share/texmf-texlive/tex/generic/oberdiek/ifluatex.sty
Package: ifluatex 2009/04/17 v1.2 Provides the ifluatex switch (HO)
Package ifluatex Info: LuaTeX not detected.
)
(/usr/share/texmf-texlive/tex/generic/oberdiek/ltxcmds.sty
Package: ltxcmds 2009/08/05 v1.0 Some LaTeX kernel commands for general use (HO
)
)
Package pdftexcmds Info: LuaTeX not detected.
Package pdftexcmds Info: \pdf@primitive is available.
Package pdftexcmds Info: \pdf@ifprimitive is available.
)))
\Fld@menulength=\count94
\Field@Width=\dimen110
\Fld@charsize=\dimen111
\Field@toks=\toks16
Package hyperref Info: Hyper figures OFF on input line 4377.
Package hyperref Info: Link nesting OFF on input line 4382.
Package hyperref Info: Hyper index ON on input line 4385.
Package hyperref Info: backreferencing OFF on input line 4392.
Package hyperref Info: Link coloring OFF on input line 4397.
Package hyperref Info: Link coloring with OCG OFF on input line 4402.
Package hyperref Info: PDF/A mode OFF on input line 4407.

(/usr/share/texmf-texlive/tex/generic/oberdiek/atbegshi.sty
Package: atbegshi 2008/07/31 v1.9 At begin shipout hook (HO)
)
\Hy@abspage=\count95
\c@Item=\count96
\c@Hfootnote=\count97
)

Package hyperref Warning: Wrong driver `hdvips.def';
(hyperref)                pdfTeX is running in PDF mode.
(hyperref)                Forcing driver `hpdftex.def'.

*hyperref using driver hpdftex*
(/usr/share/texmf-texlive/tex/latex/hyperref/hpdftex.def
File: hpdftex.def 2009/10/09 v6.79a Hyperref driver for pdfTeX
\Fld@listcount=\count98
)
(/usr/share/texmf-texlive/tex/latex/pdfpages/pdfpages.sty
Package: pdfpages 2009/02/07 v0.4g Insert pages of external PDF documents (AM)

(/usr/share/texmf-texlive/tex/latex/base/ifthen.sty
Package: ifthen 2001/05/26 v1.1c Standard LaTeX ifthen package (DPC)
)
(/usr/share/texmf-texlive/tex/latex/tools/calc.sty
Package: calc 2007/08/22 v4.3 Infix arithmetic (KKT,FJ)
\calc@Acount=\count99
\calc@Bcount=\count100
\calc@Adimen=\dimen112
\calc@Bdimen=\dimen113
\calc@Askip=\skip43
\calc@Bskip=\skip44
LaTeX Info: Redefining \setlength on input line 76.
LaTeX Info: Redefining \addtolength on input line 77.
\calc@Ccount=\count101
\calc@Cskip=\skip45
)
(/usr/share/texmf-texlive/tex/latex/eso-pic/eso-pic.sty
Package: eso-pic 2006/07/14 v1.1d eso-pic (RN)

(/usr/share/texmf-texlive/tex/latex/ms/everyshi.sty
Package: everyshi 2001/05/15 v3.00 EveryShipout Package (MS)
))
(/usr/share/texmf-texlive/tex/latex/pdfpages/pppdftex.def
File: pppdftex.def 2009/02/07 v0.4g Pdfpages driver for pdfTeX (AM)
)
\AM@pagebox=\box26
\AM@toc@title=\toks17
\c@AM@survey=\count102
\AM@templatesizebox=\box27
)
(/usr/share/texmf-texlive/tex/latex/float/float.sty
Package: float 2001/11/08 v1.3d Float enhancements (AL)
\c@float@type=\count103
\float@exts=\toks18
\float@box=\box28
\@float@everytoks=\toks19
\@floatcapt=\box29
)
(/usr/share/texmf-texlive/tex/latex/pslatex/pslatex.sty
Package: pslatex 1996/07/24 v1.2 pslatex emulation (DPC)
LaTeX Font Info:    Redeclaring symbol font `operators' on input line 65.
LaTeX Font Info:    Overwriting symbol font `operators' in version `normal'
(Font)                  OT1/cmr/m/n --> OT1/ptmcm/m/n on input line 65.
LaTeX Font Info:    Overwriting symbol font `operators' in version `bold'
(Font)                  OT1/cmr/bx/n --> OT1/ptmcm/m/n on input line 65.
LaTeX Font Info:    Redeclaring symbol font `letters' on input line 66.
LaTeX Font Info:    Overwriting symbol font `letters' in version `normal'
(Font)                  OML/cmm/m/it --> OML/ptmcm/m/it on input line 66.
LaTeX Font Info:    Overwriting symbol font `letters' in version `bold'
(Font)                  OML/cmm/b/it --> OML/ptmcm/m/it on input line 66.
LaTeX Font Info:    Redeclaring symbol font `symbols' on input line 67.
LaTeX Font Info:    Overwriting symbol font `symbols' in version `normal'
(Font)                  OMS/cmsy/m/n --> OMS/pzccm/m/n on input line 67.
LaTeX Font Info:    Overwriting symbol font `symbols' in version `bold'
(Font)                  OMS/cmsy/b/n --> OMS/pzccm/m/n on input line 67.
LaTeX Font Info:    Redeclaring symbol font `largesymbols' on input line 68.
LaTeX Font Info:    Overwriting symbol font `largesymbols' in version `normal'
(Font)                  OMX/cmex/m/n --> OMX/psycm/m/n on input line 68.
LaTeX Font Info:    Overwriting symbol font `largesymbols' in version `bold'
(Font)                  OMX/cmex/m/n --> OMX/psycm/m/n on input line 68.
\symbold=\mathgroup4
\symitalic=\mathgroup5
LaTeX Font Info:    Redeclaring math alphabet \mathbf on input line 74.
LaTeX Font Info:    Overwriting math alphabet `\mathbf' in version `normal'
(Font)                  OT1/cmr/bx/n --> OT1/ptm/bx/n on input line 74.
LaTeX Font Info:    Overwriting math alphabet `\mathbf' in version `bold'
(Font)                  OT1/cmr/bx/n --> OT1/ptm/bx/n on input line 74.
LaTeX Font Info:    Redeclaring math alphabet \mathit on input line 75.
LaTeX Font Info:    Overwriting math alphabet `\mathit' in version `normal'
(Font)                  OT1/cmr/m/it --> OT1/ptm/m/it on input line 75.
LaTeX Font Info:    Overwriting math alphabet `\mathit' in version `bold'
(Font)                  OT1/cmr/bx/it --> OT1/ptm/m/it on input line 75.
)
(/usr/share/texmf-texlive/tex/latex/tools/array.sty
Package: array 2008/09/09 v2.4c Tabular extension package (FMi)
\col@sep=\dimen114
\extrarowheight=\dimen115
\NC@list=\toks20
\extratabsurround=\skip46
\backup@length=\skip47
)

! LaTeX Error: File `multirow.sty' not found.

Type X to quit or <RETURN> to proceed,
or enter new name. (Default extension: sty)

Enter file name: 
(/usr/share/texmf-texlive/tex/latex/tools/tabularx.sty
Package: tabularx 1999/01/07 v2.07 `tabularx' package (DPC)
\TX@col@width=\dimen116
\TX@old@table=\dimen117
\TX@old@col=\dimen118
\TX@target=\dimen119
\TX@delta=\dimen120
\TX@cols=\count104
\TX@ftn=\toks21
)
(/usr/share/texmf-texlive/tex/latex/rotating/rotating.sty
Package: rotating 2009/03/28 v2.16a rotated objects in LaTeX
\c@r@tfl@t=\count105
\rotFPtop=\skip48
\rotFPbot=\skip49
\rot@float@box=\box30
\rot@mess@toks=\toks22
)
(/usr/share/texmf-texlive/tex/latex/tools/longtable.sty
Package: longtable 2004/02/01 v4.11 Multi-page Table package (DPC)
\LTleft=\skip50
\LTright=\skip51
\LTpre=\skip52
\LTpost=\skip53
\LTchunksize=\count106
\LTcapwidth=\dimen121
\LT@head=\box31
\LT@firsthead=\box32
\LT@foot=\box33
\LT@lastfoot=\box34
\LT@cols=\count107
\LT@rows=\count108
\c@LT@tables=\count109
\c@LT@chunks=\count110
\LT@p@ftn=\toks23
)
(/usr/share/texmf-texlive/tex/latex/tools/hhline.sty
Package: hhline 1994/05/23 v2.03 Table rule package (DPC)
)
(/usr/share/texmf-texlive/tex/latex/listings/listings.sty
\lst@mode=\count111
\lst@gtempboxa=\box35
\lst@token=\toks24
\lst@length=\count112
\lst@currlwidth=\dimen122
\lst@column=\count113
\lst@pos=\count114
\lst@lostspace=\dimen123
\lst@width=\dimen124
\lst@newlines=\count115
\lst@lineno=\count116
\lst@maxwidth=\dimen125

(/usr/share/texmf-texlive/tex/latex/listings/lstmisc.sty
File: lstmisc.sty 2007/02/22 1.4 (Carsten Heinz)
\c@lstnumber=\count117
\lst@skipnumbers=\count118
\lst@framebox=\box36
)
(/usr/share/texmf-texlive/tex/latex/listings/listings.cfg
File: listings.cfg 2007/02/22 1.4 listings configuration
))
Package: listings 2007/02/22 1.4 (Carsten Heinz)

(/usr/share/texmf-texlive/tex/latex/graphics/color.sty
Package: color 2005/11/14 v1.0j Standard LaTeX Color (DPC)

(/etc/texmf/tex/latex/config/color.cfg
File: color.cfg 2007/01/18 v1.5 color configuration of teTeX/TeXLive
)
Package color Info: Driver file: pdftex.def on input line 130.
)
(/usr/share/texmf-texlive/tex/latex/listings/lstlang1.sty
File: lstlang1.sty 2004/09/05 1.3 listings language file
)
(/usr/share/texmf-texlive/tex/latex/fancyhdr/fancyhdr.sty
\fancy@headwidth=\skip54
\f@ncyO@elh=\skip55
\f@ncyO@erh=\skip56
\f@ncyO@olh=\skip57
\f@ncyO@orh=\skip58
\f@ncyO@elf=\skip59
\f@ncyO@erf=\skip60
\f@ncyO@olf=\skip61
\f@ncyO@orf=\skip62
)

Package Fancyhdr Warning: \fancyfoot's `E' option without twoside option is use
less on input line 79.


Package Fancyhdr Warning: \fancyfoot's `E' option without twoside option is use
less on input line 81.

(./report.aux

LaTeX Warning: Label `<<Label>>' multiply defined.


LaTeX Warning: Label `<<Label>>' multiply defined.


LaTeX Warning: Label `<<Label>>' multiply defined.


LaTeX Warning: Label `<<Label>>' multiply defined.


LaTeX Warning: Label `<<Label>>' multiply defined.


LaTeX Warning: Label `<<Label>>' multiply defined.


LaTeX Warning: Label `<<Label>>' multiply defined.


LaTeX Warning: Label `<<Label>>' multiply defined.


LaTeX Warning: Label `<<Label>>' multiply defined.


LaTeX Warning: Label `<<Label>>' multiply defined.


LaTeX Warning: Label `<<Label>>' multiply defined.


LaTeX Warning: Label `<<Label>>' multiply defined.


LaTeX Warning: Label `<<Label>>' multiply defined.


LaTeX Warning: Label `<<Label>>' multiply defined.


LaTeX Warning: Label `<<Label>>' multiply defined.


LaTeX Warning: Label `<<label>>' multiply defined.


LaTeX Warning: Label `<<Label>>' multiply defined.


LaTeX Warning: Label `<<Label>>' multiply defined.


LaTeX Warning: Label `<<Label>>' multiply defined.


LaTeX Warning: Label `<<Label>>' multiply defined.


LaTeX Warning: Label `<<Label>>' multiply defined.


LaTeX Warning: Label `<<Label>>' multiply defined.


LaTeX Warning: Label `<<Label>>' multiply defined.


LaTeX Warning: Label `<<Label>>' multiply defined.


LaTeX Warning: Label `<<Label>>' multiply defined.


LaTeX Warning: Label `<<Label>>' multiply defined.


LaTeX Warning: Label `<<Label>>' multiply defined.

! Missing \endcsname inserted.
<to be read again> 
                   \protect 
l.174 \bibcite{\emph  }{1}
                          
? 

! LaTeX Error: Missing \begin{document}.

See the LaTeX manual or LaTeX Companion for explanation.
Type  H <return>  for immediate help.
 ...                                              
                                                  
l.174 \bibcite{\emph  }{1}
                          
? 
! Extra \endcsname.
<recently read> \endcsname 
                           
l.174 \bibcite{\emph  }{1}
                          
? 
! Missing \endcsname inserted.
<to be read again> 
                   \protect 
l.174 \bibcite{\emph  }{1}
                          
? 
! Missing \endcsname inserted.
<to be read again> 
                   \protect 
l.175 \bibcite{\emph  }{2}
                          
? 

LaTeX Warning: Label `\emph ' multiply defined.

! Missing \endcsname inserted.
<to be read again> 
                   \protect 
l.175 \bibcite{\emph  }{2}
                          
? 
! Missing \endcsname inserted.
<to be read again> 
                   \protect 
l.176 \bibcite{\emph  }{3}
                          
? 

LaTeX Warning: Label `\emph ' multiply defined.

! Missing \endcsname inserted.
<to be read again> 
                   \protect 
l.176 \bibcite{\emph  }{3}
                          
? 
! Missing \endcsname inserted.
<to be read again> 
                   \protect 
l.177 \bibcite{\emph  }{4}
                          
? 

LaTeX Warning: Label `\emph ' multiply defined.

! Missing \endcsname inserted.
<to be read again> 
                   \protect 
l.177 \bibcite{\emph  }{4}
                          
? 
! Missing \endcsname inserted.
<to be read again> 
                   \protect 
l.178 \bibcite{\emph  }{5}
                          
? 

LaTeX Warning: Label `\emph ' multiply defined.

! Missing \endcsname inserted.
<to be read again> 
                   \protect 
l.178 \bibcite{\emph  }{5}
                          
? 
! Missing \endcsname inserted.
<to be read again> 
                   \protect 
l.179 \bibcite{\emph  }{6}
                          
? 

LaTeX Warning: Label `\emph ' multiply defined.

! Missing \endcsname inserted.
<to be read again> 
                   \protect 
l.179 \bibcite{\emph  }{6}
                          
? 
! Missing \endcsname inserted.
<to be read again> 
                   \protect 
l.180 \bibcite{\emph  }{7}
                          
? 

LaTeX Warning: Label `\emph ' multiply defined.

! Missing \endcsname inserted.
<to be read again> 
                   \protect 
l.180 \bibcite{\emph  }{7}
                          
? 
! Missing \endcsname inserted.
<to be read again> 
                   \protect 
l.181 \bibcite{\emph  }{8}
                          
? 

LaTeX Warning: Label `\emph ' multiply defined.

! Missing \endcsname inserted.
<to be read again> 
                   \protect 
l.181 \bibcite{\emph  }{8}
                          
? 
! Missing \endcsname inserted.
<to be read again> 
                   \protect 
l.182 \bibcite{\emph  }{9}
                          
? 

LaTeX Warning: Label `\emph ' multiply defined.

! Missing \endcsname inserted.
<to be read again> 
                   \protect 
l.182 \bibcite{\emph  }{9}
                          
? 
)
\openout1 = `report.aux'.

LaTeX Font Info:    Checking defaults for OML/cmm/m/it on input line 92.
LaTeX Font Info:    ... okay on input line 92.
LaTeX Font Info:    Checking defaults for T1/cmr/m/n on input line 92.
LaTeX Font Info:    ... okay on input line 92.
LaTeX Font Info:    Checking defaults for OT1/cmr/m/n on input line 92.
LaTeX Font Info:    ... okay on input line 92.
LaTeX Font Info:    Checking defaults for OMS/pzccm/m/n on input line 92.
LaTeX Font Info:    Try loading font information for OMS+pzccm on input line 92
.
 (/usr/share/texmf-texlive/tex/latex/psnfss/omspzccm.fd
File: omspzccm.fd 2000/01/03 Fontinst v1.801 font definitions for OMS/pzccm.
)
LaTeX Font Info:    ... okay on input line 92.
LaTeX Font Info:    Checking defaults for OMX/cmex/m/n on input line 92.
LaTeX Font Info:    ... okay on input line 92.
LaTeX Font Info:    Checking defaults for U/cmr/m/n on input line 92.
LaTeX Font Info:    ... okay on input line 92.
LaTeX Font Info:    Checking defaults for PD1/pdf/m/n on input line 92.
LaTeX Font Info:    ... okay on input line 92.

*geometry auto-detecting driver*
*geometry detected driver: pdftex*
-------------------- Geometry parameters
paper: a4paper
landscape: --
twocolumn: --
twoside: --
asymmetric: --
h-parts: 57.81621pt, 481.87546pt, 57.81621pt
v-parts: 50.58878pt, 743.8693pt, 50.58878pt
hmarginratio: --
vmarginratio: --
lines: --
heightrounded: --
bindingoffset: 0.0pt
truedimen: --
includehead: --
includefoot: --
includemp: --
driver: pdftex
-------------------- Page layout dimensions and switches
\paperwidth  597.50787pt
\paperheight 845.04684pt
\textwidth  481.87546pt
\textheight 743.8693pt
\oddsidemargin  -14.45378pt
\evensidemargin -14.45378pt
\topmargin  -58.68121pt
\headheight 12.0pt
\headsep    25.0pt
\footskip   30.0pt
\marginparwidth 35.0pt
\marginparsep   10.0pt
\columnsep  10.0pt
\skip\footins  10.8pt plus 4.0pt minus 2.0pt
\hoffset 0.0pt
\voffset 0.0pt
\mag 1000

(1in=72.27pt, 1cm=28.45pt)
-----------------------
(/usr/share/texmf-texlive/tex/context/base/supp-pdf.mkii
[Loading MPS to PDF converter (version 2006.09.02).]
\scratchcounter=\count119
\scratchdimen=\dimen126
\scratchbox=\box37
\nofMPsegments=\count120
\nofMParguments=\count121
\everyMPshowfont=\toks25
\MPscratchCnt=\count122
\MPscratchDim=\dimen127
\MPnumerator=\count123
\everyMPtoPDFconversion=\toks26
)
Package hyperref Info: Link coloring OFF on input line 92.
 (/usr/share/texmf-texlive/tex/latex/hyperref/nameref.sty
Package: nameref 2007/05/29 v2.31 Cross-referencing by name of section

(/usr/share/texmf-texlive/tex/latex/oberdiek/refcount.sty
Package: refcount 2008/08/11 v3.1 Data extraction from references (HO)
)
\c@section@level=\count124
)
LaTeX Info: Redefining \ref on input line 92.
LaTeX Info: Redefining \pageref on input line 92.
 (./report.out)
(./report.out)
\@outlinefile=\write3
\openout3 = `report.out'.

\AtBeginShipoutBox=\box38
 ABD: EveryShipout initializing macros
\c@lstlisting=\count125
 (./cover.tex

Package Fancyhdr Warning: \headheight is too small (12.0pt): 
 Make it at least 14.49998pt.
 We now make it that large for the rest of the document.
 This may cause the page layout to be inconsistent, however.

[1{/var/lib/texmf/fonts/map/pdftex/updmap/pdftex.map}

]
LaTeX Font Info:    Font shape `OT1/ptm/bx/n' in size <17.28> not available
(Font)              Font shape `OT1/ptm/b/n' tried instead on input line 10.
LaTeX Font Info:    Font shape `OT1/ptm/bx/sc' in size <17.28> not available
(Font)              Font shape `OT1/ptm/b/sc' tried instead on input line 11.
LaTeX Font Info:    Try loading font information for OT1+ptmcm on input line 17
.

(/usr/share/texmf-texlive/tex/latex/psnfss/ot1ptmcm.fd
File: ot1ptmcm.fd 2000/01/03 Fontinst v1.801 font definitions for OT1/ptmcm.
)
LaTeX Font Info:    Try loading font information for OML+ptmcm on input line 17
.

(/usr/share/texmf-texlive/tex/latex/psnfss/omlptmcm.fd
File: omlptmcm.fd 2000/01/03 Fontinst v1.801 font definitions for OML/ptmcm.
)
LaTeX Font Info:    Try loading font information for OMX+psycm on input line 17
.

(/usr/share/texmf-texlive/tex/latex/psnfss/omxpsycm.fd
File: omxpsycm.fd 2000/01/03 Fontinst v1.801 font definitions for OMX/psycm.
)
LaTeX Font Info:    Font shape `OT1/ptm/bx/n' in size <12> not available
(Font)              Font shape `OT1/ptm/b/n' tried instead on input line 17.
LaTeX Font Info:    Font shape `OT1/ptm/bx/n' in size <9> not available
(Font)              Font shape `OT1/ptm/b/n' tried instead on input line 17.
LaTeX Font Info:    Font shape `OT1/ptm/bx/n' in size <7> not available
(Font)              Font shape `OT1/ptm/b/n' tried instead on input line 17.
LaTeX Font Info:    Font shape `OT1/ptm/bx/n' in size <20.74> not available
(Font)              Font shape `OT1/ptm/b/n' tried instead on input line 27.

<pict_logo.png, id=254, 180.675pt x 180.675pt>
File: pict_logo.png Graphic file (type png)
 <use pict_logo.png>
LaTeX Font Info:    Font shape `OT1/ptm/bx/n' in size <14.4> not available
(Font)              Font shape `OT1/ptm/b/n' tried instead on input line 37.
Missing character: There is no ‚ in font ptmb7t!
Missing character: There is no Ä in font ptmb7t!
Missing character: There is no ì in font ptmb7t!

<uop-logo.jpg, id=255, 18.9749pt x 13.78322pt>
File: uop-logo.jpg Graphic file (type jpg)
 <use uop-logo.jpg> [2 <./pict_logo.png (PNG copy)> <./uop-logo.jpg>]) (./cert.
tex
Missing character: There is no ‚ in font ptmb7t!
Missing character: There is no Ä in font ptmb7t!
Missing character: There is no ì in font ptmb7t!
File: pict_logo.png Graphic file (type png)
 <use pict_logo.png>
LaTeX Font Info:    Font shape `OT1/ptm/bx/n' in size <24.88> not available
(Font)              Font shape `OT1/ptm/b/n' tried instead on input line 11.
LaTeX Font Info:    Font shape `OT1/ptm/bx/it' in size <24.88> not available
(Font)              Font shape `OT1/ptm/b/it' tried instead on input line 11.

! Missing } inserted.
<inserted text> 
                }
l.17 \end{center}
                 
? 
LaTeX Font Info:    Font shape `OT1/ptm/bx/n' in size <10.95> not available
(Font)              Font shape `OT1/ptm/b/n' tried instead on input line 20.
LaTeX Font Info:    Font shape `OT1/ptm/bx/n' in size <8> not available
(Font)              Font shape `OT1/ptm/b/n' tried instead on input line 20.
)
Overfull \hbox (0.79436pt too wide) in paragraph at lines 30--105
\OT1/ptm/m/n/14.4 -----------------------------| ------------------------------
| ---------------------------
 []


Underfull \hbox (badness 10000) in paragraph at lines 30--105

 []

[3] (./acknowledgements.tex
Overfull \hbox (1.74274pt too wide) in paragraph at lines 7--24
\OT1/ptm/m/n/14.4 I am par-tic-u-larly grate-ful to \OT1/ptm/b/n/14.4 Mr.Vedang
 Maner-ikar \OT1/ptm/m/n/14.4 (Help-shift Inc.) and \OT1/ptm/b/n/14.4 Mr.Gaurav

 []


Underfull \hbox (badness 10000) in paragraph at lines 7--24

 []

[4]) (./companycert.tex
Underfull \hbox (badness 10000) in paragraph at lines 19--26

 []


Underfull \hbox (badness 10000) in paragraph at lines 19--26

 []

[5]) (./abstract.tex

! LaTeX Error: Can be used only in preamble.

See the LaTeX manual or LaTeX Companion for explanation.
Type  H <return>  for immediate help.
 ...                                              
                                                  
l.1 \begin{document}
                    
? 
) [6] (./report.toc [1

]
! Misplaced alignment tab character &.
<argument> ...n.4.1.1}{\numberline {4.1.1}Parser &
                                                   Tokenize (Flex)}\hyper@li...
l.35 ...r & Tokenize (Flex)}{18}{subsection.4.1.1}
                                                  
? 
! Misplaced alignment tab character &.
<argument> ....4.1.2}{\numberline {4.1.2}Grammar &
                                                   Generation of tables (Yac...
l.36 ...on of tables (Yacc)}{18}{subsection.4.1.2}
                                                  
? 
[2])
\tf@toc=\write4
\openout4 = `report.toc'.

 [3] (./report.lof)
\tf@lof=\write5
\openout5 = `report.lof'.

 [4

] (./report.lot)
\tf@lot=\write6
\openout6 = `report.lot'.



Package Fancyhdr Warning: \headheight is too small (12.0pt): 
 Make it at least 14.49998pt.
 We now make it that large for the rest of the document.
 This may cause the page layout to be inconsistent, however.

[5


] (./introduction.tex
Chapter 1.
Missing character: There is no ‚ in font ptmr7t!
Missing character: There is no Ä in font ptmr7t!
Missing character: There is no ô in font ptmr7t!
Missing character: There is no ‚ in font ptmr7t!
Missing character: There is no Ä in font ptmr7t!
Missing character: There is no ô in font ptmr7t!
Missing character: There is no ‚ in font ptmr7t!
Missing character: There is no Ä in font ptmr7t!
Missing character: There is no ô in font ptmr7t!

Package Fancyhdr Warning: \headheight is too small (12.0pt): 
 Make it at least 14.49998pt.
 We now make it that large for the rest of the document.
 This may cause the page layout to be inconsistent, however.

pdfTeX warning (ext4): destination with the same identifier (name{page.1}) has 
been already used, duplicate ignored
<to be read again> 
                   \relax 
l.8 \newpage
             [1


] <threads.png, id=426, 220.825pt x 208.78pt>
File: threads.png Graphic file (type png)
 <use threads.png>
<multithreading.jpg, id=428, 668.4975pt x 317.185pt>
File: multithreading.jpg Graphic file (type jpg)
 <use multithreading.jpg>
Underfull \hbox (badness 10000) in paragraph at lines 26--37

 []


Package Fancyhdr Warning: \headheight is too small (12.0pt): 
 Make it at least 14.49998pt.
 We now make it that large for the rest of the document.
 This may cause the page layout to be inconsistent, however.

pdfTeX warning (ext4): destination with the same identifier (name{page.2}) has 
been already used, duplicate ignored
<to be read again> 
                   \relax 
l.37 \end{figure}
                  [2pdfTeX warning (ext4): destination with the same identifier
 (name{figure.1.1}) has been already used, duplicate ignored

\AtBegShi@Output ...ipout \box \AtBeginShipoutBox 
                                                  \fi \fi 
l.37 \end{figure}
                  <./threads.png>]
<shared.jpg, id=434, 579.16376pt x 492.84125pt>
File: shared.jpg Graphic file (type jpg)
 <use shared.jpg>

Package Fancyhdr Warning: \headheight is too small (12.0pt): 
 Make it at least 14.49998pt.
 We now make it that large for the rest of the document.
 This may cause the page layout to be inconsistent, however.

pdfTeX warning (ext4): destination with the same identifier (name{page.3}) has 
been already used, duplicate ignored
<to be read again> 
                   \relax 
l.53 
      [3pdfTeX warning (ext4): destination with the same identifier (name{figur
e.1.2}) has been already used, duplicate ignored

\AtBegShi@Output ...ipout \box \AtBeginShipoutBox 
                                                  \fi \fi 
l.53 
      <./multithreading.jpg>]
LaTeX Font Info:    Font shape `OMS/ptm/m/n' in size <14.4> not available
(Font)              Font shape `OMS/pzccm/m/n' tried instead on input line 61.


Package Fancyhdr Warning: \headheight is too small (12.0pt): 
 Make it at least 14.49998pt.
 We now make it that large for the rest of the document.
 This may cause the page layout to be inconsistent, however.

pdfTeX warning (ext4): destination with the same identifier (name{page.4}) has 
been already used, duplicate ignored
<to be read again> 
                   \relax 
l.64 \item p
            thread\_create (thread, attr, start\_routine, arg) [4pdfTeX warning
 (ext4): destination with the same identifier (name{figure.1.3}) has been alrea
dy used, duplicate ignored

\AtBegShi@Output ...ipout \box \AtBeginShipoutBox 
                                                  \fi \fi 
l.64 \item p
            thread\_create (thread, attr, start\_routine, arg) <./shared.jpg>]

Package Fancyhdr Warning: \headheight is too small (12.0pt): 
 Make it at least 14.49998pt.
 We now make it that large for the rest of the document.
 This may cause the page layout to be inconsistent, however.

pdfTeX warning (ext4): destination with the same identifier (name{page.5}) has 
been already used, duplicate ignored
<to be read again> 
                   \relax 
l.102 
       [5] <critical_section.png, id=445, 769.37437pt x 507.39563pt>
File: critical_section.png Graphic file (type png)

<use critical_section.png>

Package Fancyhdr Warning: \headheight is too small (12.0pt): 
 Make it at least 14.49998pt.
 We now make it that large for the rest of the document.
 This may cause the page layout to be inconsistent, however.

pdfTeX warning (ext4): destination with the same identifier (name{page.6}) has 
been already used, duplicate ignored
<to be read again> 
                   \relax 
l.115 
       [6pdfTeX warning (ext4): destination with the same identifier (name{figu
re.1.4}) has been already used, duplicate ignored

\AtBegShi@Output ...ipout \box \AtBeginShipoutBox 
                                                  \fi \fi 
l.115 
       <./critical_section.png (PNG copy)>]
<race_condition.png, id=450, 778.40813pt x 370.38374pt>
File: race_condition.png Graphic file (type png)

<use race_condition.png> <synch.png, id=451, 778.40813pt x 458.46281pt>
File: synch.png Graphic file (type png)

<use synch.png>

Package Fancyhdr Warning: \headheight is too small (12.0pt): 
 Make it at least 14.49998pt.
 We now make it that large for the rest of the document.
 This may cause the page layout to be inconsistent, however.

[7pdfTeX warning (ext4): destination with the same identifier (name{figure.1.5}
) has been already used, duplicate ignored

\AtBegShi@Output ...ipout \box \AtBeginShipoutBox 
                                                  \fi \fi 
l.138 \paragraph
                {} <./race_condition.png (PNG copy)>]
Overfull \hbox (10.51361pt too wide) in paragraph at lines 139--140
\OT1/ptm/m/n/14.4 pro-gram-ming.Synchronization mech-a-nism may de-pend on the 
ap-pli-ca-tion logic, hence
 []


Package Fancyhdr Warning: \headheight is too small (12.0pt): 
 Make it at least 14.49998pt.
 We now make it that large for the rest of the document.
 This may cause the page layout to be inconsistent, however.

[8pdfTeX warning (ext4): destination with the same identifier (name{figure.1.6}
) has been already used, duplicate ignored

\AtBegShi@Output ...ipout \box \AtBeginShipoutBox 
                                                  \fi \fi 
l.151 
       <./synch.png (PNG copy)>]
Underfull \hbox (badness 10000) in paragraph at lines 152--153

 []

) (./ls.tex

Package Fancyhdr Warning: \headheight is too small (12.0pt): 
 Make it at least 14.49998pt.
 We now make it that large for the rest of the document.
 This may cause the page layout to be inconsistent, however.

[9]
Chapter 2.

Underfull \hbox (badness 10000) in paragraph at lines 3--6

 []


Package Fancyhdr Warning: \headheight is too small (12.0pt): 
 Make it at least 14.49998pt.
 We now make it that large for the rest of the document.
 This may cause the page layout to be inconsistent, however.

[10

]
Underfull \hbox (badness 10000) in paragraph at lines 19--25

 []


Underfull \hbox (badness 10000) in paragraph at lines 29--32

 []


Package Fancyhdr Warning: \headheight is too small (12.0pt): 
 Make it at least 14.49998pt.
 We now make it that large for the rest of the document.
 This may cause the page layout to be inconsistent, however.

[11]

Package Fancyhdr Warning: \headheight is too small (12.0pt): 
 Make it at least 14.49998pt.
 We now make it that large for the rest of the document.
 This may cause the page layout to be inconsistent, however.

[12]

Package Fancyhdr Warning: \headheight is too small (12.0pt): 
 Make it at least 14.49998pt.
 We now make it that large for the rest of the document.
 This may cause the page layout to be inconsistent, however.

[13]

Package Fancyhdr Warning: \headheight is too small (12.0pt): 
 Make it at least 14.49998pt.
 We now make it that large for the rest of the document.
 This may cause the page layout to be inconsistent, however.

[14]

Package Fancyhdr Warning: \headheight is too small (12.0pt): 
 Make it at least 14.49998pt.
 We now make it that large for the rest of the document.
 This may cause the page layout to be inconsistent, however.

[15]) (./proposed-work.tex

Package Fancyhdr Warning: \headheight is too small (12.0pt): 
 Make it at least 14.49998pt.
 We now make it that large for the rest of the document.
 This may cause the page layout to be inconsistent, however.

[16]
Chapter 3.
Missing character: There is no Ô in font ptmr7t!
Missing character: There is no ¨ in font ptmr7t!
Missing character: There is no Å in font ptmr7t!
Missing character: There is no ‚ in font ptmr7t!
Missing character: There is no Ä in font ptmr7t!
Missing character: There is no ô in font ptmr7t!
Missing character: There is no Ô in font ptmr7t!
Missing character: There is no ¨ in font ptmr7t!
Missing character: There is no Å in font ptmr7t!
Missing character: There is no Ô in font ptmr7t!
Missing character: There is no ¨ in font ptmr7t!
Missing character: There is no Å in font ptmr7t!
) (./research-methodology.tex

Package Fancyhdr Warning: \headheight is too small (12.0pt): 
 Make it at least 14.49998pt.
 We now make it that large for the rest of the document.
 This may cause the page layout to be inconsistent, however.

[17

]
Chapter 4.
! Misplaced alignment tab character &.
<argument> Parser &
                    Tokenize (Flex)
l.5 \subsection{Parser & Tokenize (Flex)}
                                         
? 

Package hyperref Warning: Token not allowed in a PDF string (PDFDocEncoding):
(hyperref)                removing `alignment tab' on input line 5.

! Misplaced alignment tab character &.
<argument> Grammar &
                     Generation of tables (Yacc)
l.8 ...tion{Grammar & Generation of tables (Yacc)}
                                                  
? 

Package hyperref Warning: Token not allowed in a PDF string (PDFDocEncoding):
(hyperref)                removing `alignment tab' on input line 8.

) (./project-design.tex

Package Fancyhdr Warning: \headheight is too small (12.0pt): 
 Make it at least 14.49998pt.
 We now make it that large for the rest of the document.
 This may cause the page layout to be inconsistent, however.

[18

]
Chapter 5.

! LaTeX Error: There's no line here to end.

See the LaTeX manual or LaTeX Companion for explanation.
Type  H <return>  for immediate help.
 ...                                              
                                                  
l.7 \begin
          {itemize}
? 

! LaTeX Error: There's no line here to end.

See the LaTeX manual or LaTeX Companion for explanation.
Type  H <return>  for immediate help.
 ...                                              
                                                  
l.15 \begin
           {itemize}
? 
LaTeX Font Info:    Try loading font information for OML+ptm on input line 17.
(/usr/share/texmf-texlive/tex/latex/psnfss/omlptm.fd
File: omlptm.fd 
)
LaTeX Font Info:    Font shape `OML/ptm/m/n' in size <14.4> not available
(Font)              Font shape `OML/cmm/m/it' tried instead on input line 17.


! LaTeX Error: There's no line here to end.

See the LaTeX manual or LaTeX Companion for explanation.
Type  H <return>  for immediate help.
 ...                                              
                                                  
l.23 \begin
           {itemize}
? 

Package Fancyhdr Warning: \headheight is too small (12.0pt): 
 Make it at least 14.49998pt.
 We now make it that large for the rest of the document.
 This may cause the page layout to be inconsistent, however.

[19

] <usecase.png, id=513, 1023.825pt x 570.63188pt>
File: usecase.png Graphic file (type png)
 <use usecase.png>
Overfull \hbox (132.42429pt too wide) in paragraph at lines 32--33
 [][] 
 []

<statechart.png, id=514, 1023.825pt x 664.73344pt>
File: statechart.png Graphic file (type png)
 <use statechart.png>
Overfull \hbox (234.79715pt too wide) in paragraph at lines 44--45
 [][] 
 []


Package Fancyhdr Warning: \headheight is too small (12.0pt): 
 Make it at least 14.49998pt.
 We now make it that large for the rest of the document.
 This may cause the page layout to be inconsistent, however.

[20pdfTeX warning (ext4): destination with the same identifier (name{figure.5.1
}) has been already used, duplicate ignored

\AtBegShi@Output ...ipout \box \AtBeginShipoutBox 
                                                  \fi \fi 
l.48 \paragraph
               {} <./usecase.png (PNG copy)>]
<sequence.png, id=521, 977.6525pt x 429.605pt>
File: sequence.png Graphic file (type png)
 <use sequence.png>
Overfull \hbox (6.9496pt too wide) in paragraph at lines 55--56
 [][] 
 []


Package Fancyhdr Warning: \headheight is too small (12.0pt): 
 Make it at least 14.49998pt.
 We now make it that large for the rest of the document.
 This may cause the page layout to be inconsistent, however.

[21pdfTeX warning (ext4): destination with the same identifier (name{figure.5.2
}) has been already used, duplicate ignored

\AtBegShi@Output ...ipout \box \AtBeginShipoutBox 
                                                  \fi \fi 
l.59 \paragraph
               {} <./statechart.png (PNG copy)>]
<collaboration.png, id=527, 826.08624pt x 540.0175pt>
File: collaboration.png Graphic file (type png)
 <use collaboration.png>
Overfull \hbox (13.7801pt too wide) in paragraph at lines 65--66
 [][] 
 []


Package Fancyhdr Warning: \headheight is too small (12.0pt): 
 Make it at least 14.49998pt.
 We now make it that large for the rest of the document.
 This may cause the page layout to be inconsistent, however.

[22pdfTeX warning (ext4): destination with the same identifier (name{figure.5.3
}) has been already used, duplicate ignored

\AtBegShi@Output ...ipout \box \AtBeginShipoutBox 
                                                  \fi \fi 
l.69 \paragraph
               {} <./sequence.png (PNG copy)>]
<activity.png, id=533, 1023.825pt x 718.93594pt>
File: activity.png Graphic file (type png)
 <use activity.png>
Overfull \hbox (132.42429pt too wide) in paragraph at lines 75--76
 [][] 
 []


Package Fancyhdr Warning: \headheight is too small (12.0pt): 
 Make it at least 14.49998pt.
 We now make it that large for the rest of the document.
 This may cause the page layout to be inconsistent, however.

[23pdfTeX warning (ext4): destination with the same identifier (name{figure.5.4
}) has been already used, duplicate ignored

\AtBegShi@Output ...ipout \box \AtBeginShipoutBox 
                                                  \fi \fi 
l.79 \paragraph
               {} <./collaboration.png (PNG copy)>]
<component.png, id=539, 676.77844pt x 400.49625pt>
File: component.png Graphic file (type png)
 <use component.png>

Package Fancyhdr Warning: \headheight is too small (12.0pt): 
 Make it at least 14.49998pt.
 We now make it that large for the rest of the document.
 This may cause the page layout to be inconsistent, however.

[24pdfTeX warning (ext4): destination with the same identifier (name{figure.5.5
}) has been already used, duplicate ignored

\AtBegShi@Output ...ipout \box \AtBeginShipoutBox 
                                                  \fi \fi 
l.89 \paragraph
               {} <./activity.png (PNG copy)>]
<deployment.png, id=545, 1023.825pt x 435.12563pt>
File: deployment.png Graphic file (type png)
 <use deployment.png>
Overfull \hbox (132.42429pt too wide) in paragraph at lines 95--96
 [][] 
 []


Package Fancyhdr Warning: \headheight is too small (12.0pt): 
 Make it at least 14.49998pt.
 We now make it that large for the rest of the document.
 This may cause the page layout to be inconsistent, however.

[25pdfTeX warning (ext4): destination with the same identifier (name{figure.5.6
}) has been already used, duplicate ignored

\AtBegShi@Output ...ipout \box \AtBeginShipoutBox 
                                                  \fi \fi 
l.99 \paragraph
               {} <./component.png>]) (./implementation.tex

Package Fancyhdr Warning: \headheight is too small (12.0pt): 
 Make it at least 14.49998pt.
 We now make it that large for the rest of the document.
 This may cause the page layout to be inconsistent, however.

[26pdfTeX warning (ext4): destination with the same identifier (name{figure.5.7
}) has been already used, duplicate ignored

\AtBegShi@Output ...ipout \box \AtBeginShipoutBox 
                                                  \fi \fi 
l.1 \chapter
            {Implementation} <./deployment.png (PNG copy)>]
Chapter 6.
<architecture.png, id=558, 991.705pt x 564.1075pt>
File: architecture.png Graphic file (type png)
 <use architecture.png>

Package Fancyhdr Warning: \headheight is too small (12.0pt): 
 Make it at least 14.49998pt.
 We now make it that large for the rest of the document.
 This may cause the page layout to be inconsistent, however.

[27

pdfTeX warning (ext4): destination with the same identifier (name{figure.6.1}) 
has been already used, duplicate ignored

\AtBegShi@Output ...ipout \box \AtBeginShipoutBox 
                                                  \fi \fi 
l.12 \newpage
              <./architecture.png (PNG copy)>]
<input.png, id=563, 763.35187pt x 426.84468pt>
File: input.png Graphic file (type png)
 <use input.png>
Underfull \hbox (badness 10000) in paragraph at lines 31--32

 []


Underfull \hbox (badness 10000) in paragraph at lines 33--34

 []


Underfull \hbox (badness 10000) in paragraph at lines 34--35

 []


Underfull \hbox (badness 10000) in paragraph at lines 35--36

 []


Package Fancyhdr Warning: \headheight is too small (12.0pt): 
 Make it at least 14.49998pt.
 We now make it that large for the rest of the document.
 This may cause the page layout to be inconsistent, however.

[28pdfTeX warning (ext4): destination with the same identifier (name{figure.6.2
}) has been already used, duplicate ignored

\AtBegShi@Output ...ipout \box \AtBeginShipoutBox 
                                                  \fi \fi 
l.36 \item p
            thread\_cond\_signal\\ <./input.png>]
Underfull \hbox (badness 10000) in paragraph at lines 36--37

 []


Underfull \hbox (badness 10000) in paragraph at lines 37--38

 []


Underfull \hbox (badness 10000) in paragraph at lines 38--39

 []

<grammar.png, id=569, 368.1253pt x 414.79968pt>
File: grammar.png Graphic file (type png)
 <use grammar.png>

Package Fancyhdr Warning: \headheight is too small (12.0pt): 
 Make it at least 14.49998pt.
 We now make it that large for the rest of the document.
 This may cause the page layout to be inconsistent, however.

[29pdfTeX warning (ext4): destination with the same identifier (name{figure.6.3
}) has been already used, duplicate ignored

\AtBegShi@Output ...ipout \box \AtBeginShipoutBox 
                                                  \fi \fi 
l.47 \newpage
              <./grammar.png (PNG copy)>]
Missing character: There is no ‚ in font ptmr7t!
Missing character: There is no Ä in font ptmr7t!
Missing character: There is no ô in font ptmr7t!

Overfull \hbox (2.04553pt too wide) in paragraph at lines 59--61
[]\OT1/ptm/m/n/14.4 User-defined Func-tions (Id, func-tion[]name, re-turn[]type
, num-ber[]of[]parameters,
 []

Missing character: There is no ‚ in font ptmr7t!
Missing character: There is no Ä in font ptmr7t!
Missing character: There is no ô in font ptmr7t!

Overfull \hbox (10.95932pt too wide) in paragraph at lines 71--73
[]\OT1/ptm/m/n/14.4 Shared Mem-ory Log ta-ble (Id, func-tion[]name, shared[]obj
ect, scope, line[]number,
 []

<tables.png, id=574, 493.0922pt x 384.6872pt>
File: tables.png Graphic file (type png)
 <use tables.png>

LaTeX Warning: `h' float specifier changed to `ht'.


Package Fancyhdr Warning: \headheight is too small (12.0pt): 
 Make it at least 14.49998pt.
 We now make it that large for the rest of the document.
 This may cause the page layout to be inconsistent, however.

[30]
Missing character: There is no ‚ in font ptmr7t!
Missing character: There is no Ä in font ptmr7t!
Missing character: There is no ô in font ptmr7t!
 <cs.png, id=579, 755.82375pt x 597.73312pt>
File: cs.png Graphic file (type png)
 <use cs.png>

LaTeX Warning: `h' float specifier changed to `ht'.


Package Fancyhdr Warning: \headheight is too small (12.0pt): 
 Make it at least 14.49998pt.
 We now make it that large for the rest of the document.
 This may cause the page layout to be inconsistent, however.

[31pdfTeX warning (ext4): destination with the same identifier (name{figure.6.4
}) has been already used, duplicate ignored

\AtBegShi@Output ...ipout \box \AtBeginShipoutBox 
                                                  \fi \fi 
l.113 A
       s par the implementation part is concern we required certain modules ...
 <./tables.png>] <Snaps/main_l_1.png, id=585, 961.5925pt x 702.625pt>
File: Snaps/main_l_1.png Graphic file (type png)

<use Snaps/main_l_1.png>

Package Fancyhdr Warning: \headheight is too small (12.0pt): 
 Make it at least 14.49998pt.
 We now make it that large for the rest of the document.
 This may cause the page layout to be inconsistent, however.

[32pdfTeX warning (ext4): destination with the same identifier (name{figure.6.5
}) has been already used, duplicate ignored

\AtBegShi@Output ...ipout \box \AtBeginShipoutBox 
                                                  \fi \fi 
l.131 
       <./cs.png>] <Snaps/main_l_2.png, id=592, 961.5925pt x 681.54625pt>
File: Snaps/main_l_2.png Graphic file (type png)

<use Snaps/main_l_2.png>
<Snaps/common_1.png, id=593, 961.5925pt x 657.45625pt>
File: Snaps/common_1.png Graphic file (type png)

<use Snaps/common_1.png>
<Snaps/common_2.png, id=594, 961.5925pt x 699.61375pt>
File: Snaps/common_2.png Graphic file (type png)

<use Snaps/common_2.png>

Package Fancyhdr Warning: \headheight is too small (12.0pt): 
 Make it at least 14.49998pt.
 We now make it that large for the rest of the document.
 This may cause the page layout to be inconsistent, however.

[33pdfTeX warning (ext4): destination with the same identifier (name{figure.6.6
}) has been already used, duplicate ignored

\AtBegShi@Output ...ipout \box \AtBeginShipoutBox 
                                                  \fi \fi 
l.153 \end{figure}
                  pdfTeX warning (ext4): destination with the same identifier (
name{figure.6.7}) has been already used, duplicate ignored

\AtBegShi@Output ...ipout \box \AtBeginShipoutBox 
                                                  \fi \fi 
l.153 \end{figure}
                   <./Snaps/main_l_1.png (PNG copy)> <./Snaps/main_l_2.png (PNG
 copy)>]

Package Fancyhdr Warning: \headheight is too small (12.0pt): 
 Make it at least 14.49998pt.
 We now make it that large for the rest of the document.
 This may cause the page layout to be inconsistent, however.

[34pdfTeX warning (ext4): destination with the same identifier (name{figure.6.8
}) has been already used, duplicate ignored

\AtBegShi@Output ...ipout \box \AtBeginShipoutBox 
                                                  \fi \fi 
l.159 \item T
             he shared object which is being accessed my multiple threadspdfTeX
 warning (ext4): destination with the same identifier (name{figure.6.9}) has be
en already used, duplicate ignored

\AtBegShi@Output ...ipout \box \AtBeginShipoutBox 
                                                  \fi \fi 
l.159 \item T
             he shared object which is being accessed my multiple threads <./Sn
aps/common_1.png (PNG copy)> <./Snaps/common_2.png (PNG copy)>]

! LaTeX Error: Lonely \item--perhaps a missing list environment.

See the LaTeX manual or LaTeX Companion for explanation.
Type  H <return>  for immediate help.
 ...                                              
                                                  
l.159 \item T
             he shared object which is being accessed my multiple threads
? 

Underfull \hbox (badness 10000) detected at line 159
[][]
 []


! LaTeX Error: Lonely \item--perhaps a missing list environment.

See the LaTeX manual or LaTeX Companion for explanation.
Type  H <return>  for immediate help.
 ...                                              
                                                  
l.161 \item T
             he threads which are accessing the same shared object
? 

Underfull \hbox (badness 10000) detected at line 161
[][]
 []


! LaTeX Error: Lonely \item--perhaps a missing list environment.

See the LaTeX manual or LaTeX Companion for explanation.
Type  H <return>  for immediate help.
 ...                                              
                                                  
l.163 \item T
             he functions in which the critical section exist
? 

Underfull \hbox (badness 10000) detected at line 163
[][]
 []


! LaTeX Error: Lonely \item--perhaps a missing list environment.

See the LaTeX manual or LaTeX Companion for explanation.
Type  H <return>  for immediate help.
 ...                                              
                                                  
l.165 \item T
             he location pertaining to the line number of the critical section
? 

Underfull \hbox (badness 10000) detected at line 165
[][]
 []


! LaTeX Error: \begin{document} on input line 1 ended by \end{itemize}.

See the LaTeX manual or LaTeX Companion for explanation.
Type  H <return>  for immediate help.
 ...                                              
                                                  
l.166 \end{itemize}
                   
? 
<Snaps/help.png, id=603, 1290.8225pt x 571.13374pt>
File: Snaps/help.png Graphic file (type png)
 <use Snaps/help.png>
File: cs.png Graphic file (type png)

<use cs.png> <Snaps/out1.png, id=604, 1101.11375pt x 300.12125pt>
File: Snaps/out1.png Graphic file (type png)

<use Snaps/out1.png> <Snaps/out2.png, id=605, 961.5925pt x 733.74126pt>
File: Snaps/out2.png Graphic file (type png)

<use Snaps/out2.png>

Package Fancyhdr Warning: \headheight is too small (12.0pt): 
 Make it at least 14.49998pt.
 We now make it that large for the rest of the document.
 This may cause the page layout to be inconsistent, however.

[35pdfTeX warning (ext4): destination with the same identifier (name{figure.6.1
0}) has been already used, duplicate ignored

\AtBegShi@Output ...ipout \box \AtBeginShipoutBox 
                                                  \fi \fi 
l.194 \end{figure}
                  pdfTeX warning (ext4): destination with the same identifier (
name{figure.6.11}) has been already used, duplicate ignored

\AtBegShi@Output ...ipout \box \AtBeginShipoutBox 
                                                  \fi \fi 
l.194 \end{figure}
                   <./Snaps/help.png (PNG copy)>]
<Snaps/out3.png, id=610, 961.5925pt x 731.73375pt>
File: Snaps/out3.png Graphic file (type png)
 <use Snaps/out3.png>

Package Fancyhdr Warning: \headheight is too small (12.0pt): 
 Make it at least 14.49998pt.
 We now make it that large for the rest of the document.
 This may cause the page layout to be inconsistent, however.

[36pdfTeX warning (ext4): destination with the same identifier (name{figure.6.1
2}) has been already used, duplicate ignored

\AtBegShi@Output ...ipout \box \AtBeginShipoutBox 
                                                  \fi \fi 
l.201 
      pdfTeX warning (ext4): destination with the same identifier (name{figure.
6.13}) has been already used, duplicate ignored

\AtBegShi@Output ...ipout \box \AtBeginShipoutBox 
                                                  \fi \fi 
l.201 
       <./Snaps/out1.png (PNG copy)> <./Snaps/out2.png (PNG copy)>]

Package Fancyhdr Warning: \headheight is too small (12.0pt): 
 Make it at least 14.49998pt.
 We now make it that large for the rest of the document.
 This may cause the page layout to be inconsistent, however.

[37pdfTeX warning (ext4): destination with the same identifier (name{figure.6.1
4}) has been already used, duplicate ignored

\AtBegShi@Output ...ipout \box \AtBeginShipoutBox 
                                                  \fi \fi 
l.202 \newpage
               <./Snaps/out3.png (PNG copy)>]
! Misplaced \noalign.
\hline ->\noalign 
                  {\ifnum 0=`}\fi \penalty \@M \futurelet \@let@token \LT@@h...
l.212 \hline
            
? 
! Misplaced \omit.
\multispan ->\omit 
                   \@multispan 
l.213 T
       estCase ID&Objective&Case&Procedure&Expected Results&Actual Results&P...

? 
! Extra alignment tab has been changed to \cr.
<template> \endtemplate 
                        
l.213 T
       estCase ID&Objective&Case&Procedure&Expected Results&Actual Results&P...

? 

Underfull \hbox (badness 10000) in paragraph at lines 213--213
[]|\OT1/ptm/m/n/12 TestCase
 []


Overfull \hbox (3.4108pt too wide) in paragraph at lines 213--213
 []|\OT1/ptm/m/n/12 Case| 
 []


Underfull \hbox (badness 10000) in paragraph at lines 213--213
[]|\OT1/ptm/m/n/12 Expected
 []


Underfull \hbox (badness 10000) in paragraph at lines 213--213
[]|\OT1/ptm/m/n/12 Actual
 []


Underfull \hbox (badness 10000) in paragraph at lines 213--214
[]|\OT1/ptm/m/n/12 Pass
 []


Underfull \hbox (badness 10000) in paragraph at lines 219--219
[]|\OT1/ptm/m/n/12 TestCase
 []


Overfull \hbox (3.4108pt too wide) in paragraph at lines 219--219
 []|\OT1/ptm/m/n/12 Case| 
 []


Underfull \hbox (badness 10000) in paragraph at lines 219--219
[]|\OT1/ptm/m/n/12 Expected
 []


Underfull \hbox (badness 10000) in paragraph at lines 219--219
[]|\OT1/ptm/m/n/12 Actual
 []


Underfull \hbox (badness 10000) in paragraph at lines 219--220
[]|\OT1/ptm/m/n/12 Pass
 []


Underfull \hbox (badness 10000) in paragraph at lines 226--226
[]|\OT1/ptm/m/n/12 Check
 []


Underfull \hbox (badness 10000) in paragraph at lines 226--226
[]|\OT1/ptm/m/n/12 To check
 []


Underfull \hbox (badness 10000) in paragraph at lines 226--226
\OT1/ptm/m/n/12 re-quire-
 []


Underfull \hbox (badness 10000) in paragraph at lines 226--226
\OT1/ptm/m/n/12 ments of
 []


Underfull \hbox (badness 10000) in paragraph at lines 226--226
\OT1/ptm/m/n/12 dif-fer-ent
 []


Underfull \hbox (badness 10000) in paragraph at lines 226--226
[]|\OT1/ptm/m/n/12 a) Open
 []


Underfull \hbox (badness 10000) in paragraph at lines 226--226
\OT1/ptm/m/n/12 Ter-mi-nal
 []


Underfull \hbox (badness 10000) in paragraph at lines 226--226
\OT1/ptm/m/n/12 and en-ter
 []


Underfull \hbox (badness 10000) in paragraph at lines 226--226
[]|\OT1/ptm/m/n/12 Same
 []


Underfull \hbox (badness 10000) in paragraph at lines 226--226
\OT1/ptm/m/n/12 as Ex-
 []


Underfull \hbox (badness 10000) in paragraph at lines 227--227
[]|\OT1/ptm/m/n/12 b) Open
 []


Underfull \hbox (badness 10000) in paragraph at lines 227--227
\OT1/ptm/m/n/12 ter-mi-nal
 []


Underfull \hbox (badness 10000) in paragraph at lines 227--227
\OT1/ptm/m/n/12 and en-ter
 []


Underfull \hbox (badness 10000) in paragraph at lines 227--227
[]|\OT1/ptm/m/n/12 lex should
 []


Underfull \hbox (badness 10000) in paragraph at lines 227--227
[]|\OT1/ptm/m/n/12 Same
 []


Underfull \hbox (badness 10000) in paragraph at lines 227--227
\OT1/ptm/m/n/12 as Ex-
 []


Underfull \hbox (badness 10000) in paragraph at lines 228--228
[]|\OT1/ptm/m/n/12 c) Open
 []


Underfull \hbox (badness 10000) in paragraph at lines 228--228
\OT1/ptm/m/n/12 ter-mi-nal
 []


Underfull \hbox (badness 10000) in paragraph at lines 228--228
\OT1/ptm/m/n/12 and en-ter
 []


Underfull \hbox (badness 10000) in paragraph at lines 228--228
[]|\OT1/ptm/m/n/12 Same
 []


Underfull \hbox (badness 10000) in paragraph at lines 228--228
\OT1/ptm/m/n/12 as Ex-
 []


Underfull \hbox (badness 10000) in paragraph at lines 230--230
[]|\OT1/ptm/m/n/12 Program
 []


Underfull \hbox (badness 10000) in paragraph at lines 230--230
[]|\OT1/ptm/m/n/12 To check
 []


Underfull \hbox (badness 10000) in paragraph at lines 230--230
\OT1/ptm/m/n/12 na-ture of
 []


Underfull \hbox (badness 3884) in paragraph at lines 230--230
[]|\OT1/ptm/m/n/12 a) Pro-gram
 []


Underfull \hbox (badness 10000) in paragraph at lines 230--230
\OT1/ptm/m/n/12 should be
 []


Underfull \hbox (badness 3884) in paragraph at lines 230--230
\OT1/ptm/m/n/12 of pro-gram
 []


Underfull \hbox (badness 10000) in paragraph at lines 230--230
\OT1/ptm/m/n/12 should be
 []


Underfull \hbox (badness 10000) in paragraph at lines 230--230
[]|\OT1/ptm/m/n/12 Same
 []


Underfull \hbox (badness 10000) in paragraph at lines 230--230
\OT1/ptm/m/n/12 as Ex-
 []


Underfull \hbox (badness 2735) in paragraph at lines 231--231
[]|\OT1/ptm/m/n/12 b) Pro-gram
 []


Underfull \hbox (badness 10000) in paragraph at lines 231--231
[]|\OT1/ptm/m/n/12 Program
 []


Underfull \hbox (badness 10000) in paragraph at lines 231--231
\OT1/ptm/m/n/12 should
 []


Underfull \hbox (badness 10000) in paragraph at lines 231--231
\OT1/ptm/m/n/12 cre-ate new
 []


Underfull \hbox (badness 7030) in paragraph at lines 231--231
\OT1/ptm/m/n/12 threads us-
 []


Underfull \hbox (badness 5260) in paragraph at lines 231--231
\OT1/ptm/m/n/12 ing POSIX
 []


Underfull \hbox (badness 10000) in paragraph at lines 231--231
[]|\OT1/ptm/m/n/12 Same
 []


Underfull \hbox (badness 10000) in paragraph at lines 231--231
\OT1/ptm/m/n/12 as Ex-
 []


Overfull \hbox (8.18343pt too wide) in paragraph at lines 233--233
[]|\OT1/ptm/m/n/12 Tokenization| 
 []


Underfull \hbox (badness 10000) in paragraph at lines 233--233
[]|\OT1/ptm/m/n/12 To cre-ate
 []


Underfull \hbox (badness 10000) in paragraph at lines 233--233
[]|\OT1/ptm/m/n/12 Different
 []


Underfull \hbox (badness 10000) in paragraph at lines 233--233
\OT1/ptm/m/n/12 to-kens
 []


Underfull \hbox (badness 10000) in paragraph at lines 233--233
\OT1/ptm/m/n/12 should be
 []


Underfull \hbox (badness 10000) in paragraph at lines 233--233
\OT1/ptm/m/n/12 gen-er-ated
 []


Underfull \hbox (badness 10000) in paragraph at lines 233--233
[]|\OT1/ptm/m/n/12 Same
 []


Underfull \hbox (badness 10000) in paragraph at lines 233--233
\OT1/ptm/m/n/12 as Ex-
 []


Underfull \hbox (badness 1838) in paragraph at lines 234--234
[]|\OT1/ptm/m/n/12 a) Func-tion
 []


Underfull \hbox (badness 10000) in paragraph at lines 234--234
\OT1/ptm/m/n/12 sig-na-ture
 []


Underfull \hbox (badness 10000) in paragraph at lines 234--234
\OT1/ptm/m/n/12 should be
 []


Underfull \hbox (badness 10000) in paragraph at lines 234--234
[]|\OT1/ptm/m/n/12 Fuction
 []


Overfull \hbox (5.90054pt too wide) in paragraph at lines 234--234
\OT1/ptm/m/n/12 name,number
 []


Underfull \hbox (badness 10000) in paragraph at lines 234--234
\OT1/ptm/m/n/12 and re-
 []


Underfull \hbox (badness 10000) in paragraph at lines 234--234
\OT1/ptm/m/n/12 turn type
 []


Underfull \hbox (badness 10000) in paragraph at lines 234--234
\OT1/ptm/m/n/12 should be
 []


Underfull \hbox (badness 10000) in paragraph at lines 234--234
[]|\OT1/ptm/m/n/12 Same
 []


Underfull \hbox (badness 10000) in paragraph at lines 234--234
\OT1/ptm/m/n/12 as Ex-
 []


Underfull \hbox (badness 10000) in paragraph at lines 235--235
[]|\OT1/ptm/m/n/12 b) POSIX
 []


Underfull \hbox (badness 10000) in paragraph at lines 235--235
\OT1/ptm/m/n/12 thread's
 []


Underfull \hbox (badness 10000) in paragraph at lines 235--235
\OT1/ptm/m/n/12 sig-na-ture
 []


Underfull \hbox (badness 10000) in paragraph at lines 235--235
\OT1/ptm/m/n/12 should be
 []


Underfull \hbox (badness 5316) in paragraph at lines 235--235
[]|\OT1/ptm/m/n/12 Thread ob-
 []


Overfull \hbox (3.24826pt too wide) in paragraph at lines 235--235
\OT1/ptm/m/n/12 ject,Function
 []


Underfull \hbox (badness 10000) in paragraph at lines 235--235
\OT1/ptm/m/n/12 is ex-e-
 []


Underfull \hbox (badness 10000) in paragraph at lines 235--235
\OT1/ptm/m/n/12 cuted by
 []


Overfull \hbox (9.8965pt too wide) in paragraph at lines 235--235
\OT1/ptm/m/n/12 thread,number
 []


Underfull \hbox (badness 10000) in paragraph at lines 235--235
\OT1/ptm/m/n/12 and re-
 []


Underfull \hbox (badness 10000) in paragraph at lines 235--235
\OT1/ptm/m/n/12 turn type
 []


Underfull \hbox (badness 10000) in paragraph at lines 235--235
\OT1/ptm/m/n/12 should be
 []


Underfull \hbox (badness 10000) in paragraph at lines 235--235
[]|\OT1/ptm/m/n/12 Same
 []


Underfull \hbox (badness 10000) in paragraph at lines 235--235
\OT1/ptm/m/n/12 as Ex-
 []


Underfull \hbox (badness 10000) in paragraph at lines 236--236
[]|\OT1/ptm/m/n/12 c)
 []


Underfull \hbox (badness 10000) in paragraph at lines 236--236
\OT1/ptm/m/n/12 Semaphore
 []


Underfull \hbox (badness 10000) in paragraph at lines 236--236
\OT1/ptm/m/n/12 sig-na-ture
 []


Underfull \hbox (badness 10000) in paragraph at lines 236--236
\OT1/ptm/m/n/12 should be
 []


Underfull \hbox (badness 10000) in paragraph at lines 236--236
[]|\OT1/ptm/m/n/12 Semaphore
 []


Overfull \hbox (10.25624pt too wide) in paragraph at lines 236--236
\OT1/ptm/m/n/12 name,different
 []


Underfull \hbox (badness 10000) in paragraph at lines 236--236
\OT1/ptm/m/n/12 semaphore
 []


Underfull \hbox (badness 10000) in paragraph at lines 236--236
\OT1/ptm/m/n/12 sig-nals
 []


Underfull \hbox (badness 10000) in paragraph at lines 236--236
\OT1/ptm/m/n/12 should be
 []


Underfull \hbox (badness 10000) in paragraph at lines 236--236
[]|\OT1/ptm/m/n/12 Same
 []


Underfull \hbox (badness 10000) in paragraph at lines 236--236
\OT1/ptm/m/n/12 as Ex-
 []


Underfull \hbox (badness 10000) in paragraph at lines 237--237
[]|\OT1/ptm/m/n/12 d) mu-tex
 []


Underfull \hbox (badness 10000) in paragraph at lines 237--237
\OT1/ptm/m/n/12 sig-na-ture
 []


Underfull \hbox (badness 10000) in paragraph at lines 237--237
\OT1/ptm/m/n/12 should be
 []


Underfull \hbox (badness 10000) in paragraph at lines 237--237
[]|\OT1/ptm/m/n/12 Mutex
 []


Overfull \hbox (10.25624pt too wide) in paragraph at lines 237--237
\OT1/ptm/m/n/12 name,different
 []


Underfull \hbox (badness 10000) in paragraph at lines 237--237
\OT1/ptm/m/n/12 mu-tex sig-
 []


Underfull \hbox (badness 2717) in paragraph at lines 237--237
\OT1/ptm/m/n/12 nals should
 []


Underfull \hbox (badness 10000) in paragraph at lines 237--237
\OT1/ptm/m/n/12 be to-k-
 []


Underfull \hbox (badness 10000) in paragraph at lines 237--237
[]|\OT1/ptm/m/n/12 Same
 []


Underfull \hbox (badness 10000) in paragraph at lines 237--237
\OT1/ptm/m/n/12 as Ex-
 []


Underfull \hbox (badness 10000) in paragraph at lines 239--239
[]|\OT1/ptm/m/n/12 Generate
 []


Underfull \hbox (badness 10000) in paragraph at lines 239--239
\OT1/ptm/m/n/12 dif-fer-ent
 []


Underfull \hbox (badness 1466) in paragraph at lines 239--239
\OT1/ptm/m/n/12 for vari-able
 []


Underfull \hbox (badness 3861) in paragraph at lines 239--239
\OT1/ptm/m/n/12 mer should
 []


Underfull \hbox (badness 10000) in paragraph at lines 239--239
\OT1/ptm/m/n/12 be gen-er-
 []


Underfull \hbox (badness 10000) in paragraph at lines 239--239
\OT1/ptm/m/n/12 ated for
 []


Underfull \hbox (badness 10000) in paragraph at lines 239--239
[]|\OT1/ptm/m/n/12 Same
 []


Underfull \hbox (badness 10000) in paragraph at lines 239--239
\OT1/ptm/m/n/12 as Ex-
 []


Underfull \hbox (badness 3861) in paragraph at lines 240--240
\OT1/ptm/m/n/12 mer should
 []


Underfull \hbox (badness 10000) in paragraph at lines 240--240
\OT1/ptm/m/n/12 be gen-er-
 []


Underfull \hbox (badness 10000) in paragraph at lines 240--240
\OT1/ptm/m/n/12 ated for
 []


Underfull \hbox (badness 10000) in paragraph at lines 240--240
[]|\OT1/ptm/m/n/12 Same
 []


Underfull \hbox (badness 10000) in paragraph at lines 240--240
\OT1/ptm/m/n/12 as Ex-
 []


Underfull \hbox (badness 10000) in paragraph at lines 241--241
\OT1/ptm/m/n/12 for POSIX
 []


Underfull \hbox (badness 10000) in paragraph at lines 241--241
\OT1/ptm/m/n/12 thread's
 []


Underfull \hbox (badness 3861) in paragraph at lines 241--241
\OT1/ptm/m/n/12 mer should
 []


Underfull \hbox (badness 10000) in paragraph at lines 241--241
\OT1/ptm/m/n/12 be gen-er-
 []


Underfull \hbox (badness 10000) in paragraph at lines 241--241
\OT1/ptm/m/n/12 ated for
 []


Underfull \hbox (badness 10000) in paragraph at lines 241--241
[]|\OT1/ptm/m/n/12 Same
 []


Underfull \hbox (badness 10000) in paragraph at lines 241--241
\OT1/ptm/m/n/12 as Ex-
 []


Underfull \hbox (badness 2435) in paragraph at lines 242--242
\OT1/ptm/m/n/12 for API of
 []


Underfull \hbox (badness 3861) in paragraph at lines 242--242
\OT1/ptm/m/n/12 mer should
 []


Underfull \hbox (badness 10000) in paragraph at lines 242--242
\OT1/ptm/m/n/12 be gen-er-
 []


Underfull \hbox (badness 10000) in paragraph at lines 242--242
\OT1/ptm/m/n/12 ated for
 []


Underfull \hbox (badness 10000) in paragraph at lines 242--242
[]|\OT1/ptm/m/n/12 Same
 []


Underfull \hbox (badness 10000) in paragraph at lines 242--242
\OT1/ptm/m/n/12 as Ex-
 []


Underfull \hbox (badness 3861) in paragraph at lines 243--243
\OT1/ptm/m/n/12 mer should
 []


Underfull \hbox (badness 10000) in paragraph at lines 243--243
\OT1/ptm/m/n/12 be gen-er-
 []


Underfull \hbox (badness 10000) in paragraph at lines 243--243
\OT1/ptm/m/n/12 ated for
 []


Underfull \hbox (badness 10000) in paragraph at lines 243--243
[]|\OT1/ptm/m/n/12 Same
 []


Underfull \hbox (badness 10000) in paragraph at lines 243--243
\OT1/ptm/m/n/12 as Ex-
 []


Underfull \hbox (badness 10000) in paragraph at lines 245--245
[]|\OT1/ptm/m/n/12 Different
 []


Underfull \hbox (badness 10000) in paragraph at lines 245--245
\OT1/ptm/m/n/12 ta-ble are
 []


Underfull \hbox (badness 10000) in paragraph at lines 245--245
\OT1/ptm/m/n/12 genereted
 []


Underfull \hbox (badness 10000) in paragraph at lines 245--245
\OT1/ptm/m/n/12 ac-cord-ing
 []


Underfull \hbox (badness 10000) in paragraph at lines 245--245
[]|\OT1/ptm/m/n/12 a) Ta-ble
 []


Underfull \hbox (badness 1466) in paragraph at lines 245--245
\OT1/ptm/m/n/12 for vari-able
 []


Underfull \hbox (badness 10000) in paragraph at lines 245--245
\OT1/ptm/m/n/12 in-clud-ing
 []


Underfull \hbox (badness 10000) in paragraph at lines 245--245
\OT1/ptm/m/n/12 global and
 []


Underfull \hbox (badness 10000) in paragraph at lines 245--245
\OT1/ptm/m/n/12 should be
 []


Underfull \hbox (badness 10000) in paragraph at lines 245--245
\OT1/ptm/m/n/12 gen-er-ated
 []


Underfull \hbox (badness 10000) in paragraph at lines 245--245
\OT1/ptm/m/n/12 in-clud-ing
 []


Underfull \hbox (badness 10000) in paragraph at lines 245--245
\OT1/ptm/m/n/12 lo-cal and
 []


Underfull \hbox (badness 10000) in paragraph at lines 245--245
[]|\OT1/ptm/m/n/12 Same
 []


Underfull \hbox (badness 10000) in paragraph at lines 245--245
\OT1/ptm/m/n/12 as Ex-
 []


Underfull \hbox (badness 10000) in paragraph at lines 246--246
[]|\OT1/ptm/m/n/12 b) Ta-ble
 []


Underfull \hbox (badness 10000) in paragraph at lines 246--246
[]|\OT1/ptm/m/n/12 Valid ta-
 []


Underfull \hbox (badness 10000) in paragraph at lines 246--246
\OT1/ptm/m/n/12 ble should
 []


Underfull \hbox (badness 10000) in paragraph at lines 246--246
\OT1/ptm/m/n/12 be gen-er-
 []


Underfull \hbox (badness 10000) in paragraph at lines 246--246
\OT1/ptm/m/n/12 ated for
 []


Underfull \hbox (badness 10000) in paragraph at lines 246--246
[]|\OT1/ptm/m/n/12 Same
 []


Underfull \hbox (badness 10000) in paragraph at lines 246--246
\OT1/ptm/m/n/12 as Ex-
 []


Underfull \hbox (badness 10000) in paragraph at lines 247--247
[]|\OT1/ptm/m/n/12 c) Ta-ble
 []


Underfull \hbox (badness 10000) in paragraph at lines 247--247
\OT1/ptm/m/n/12 for POSIX
 []


Underfull \hbox (badness 10000) in paragraph at lines 247--247
\OT1/ptm/m/n/12 thread's
 []


Underfull \hbox (badness 10000) in paragraph at lines 247--247
[]|\OT1/ptm/m/n/12 Valid ta-ble
 []


Underfull \hbox (badness 10000) in paragraph at lines 247--247
\OT1/ptm/m/n/12 should be
 []


Underfull \hbox (badness 10000) in paragraph at lines 247--247
\OT1/ptm/m/n/12 gen-er-ated
 []


Underfull \hbox (badness 10000) in paragraph at lines 247--247
[]|\OT1/ptm/m/n/12 Same
 []


Underfull \hbox (badness 10000) in paragraph at lines 247--247
\OT1/ptm/m/n/12 as Ex-
 []


Underfull \hbox (badness 10000) in paragraph at lines 248--248
[]|\OT1/ptm/m/n/12 d) Ta-ble
 []


Underfull \hbox (badness 2435) in paragraph at lines 248--248
\OT1/ptm/m/n/12 for API of
 []


Underfull \hbox (badness 10000) in paragraph at lines 248--248
[]|\OT1/ptm/m/n/12 Valid ta-
 []


Underfull \hbox (badness 10000) in paragraph at lines 248--248
\OT1/ptm/m/n/12 ble should
 []


Underfull \hbox (badness 10000) in paragraph at lines 248--248
\OT1/ptm/m/n/12 be gen-er-
 []


Underfull \hbox (badness 10000) in paragraph at lines 248--248
\OT1/ptm/m/n/12 ated for
 []


Underfull \hbox (badness 10000) in paragraph at lines 248--248
[]|\OT1/ptm/m/n/12 Same
 []


Underfull \hbox (badness 10000) in paragraph at lines 248--248
\OT1/ptm/m/n/12 as Ex-
 []


Underfull \hbox (badness 10000) in paragraph at lines 249--249
[]|\OT1/ptm/m/n/12 e) Ta-ble
 []


Underfull \hbox (badness 10000) in paragraph at lines 249--249
\OT1/ptm/m/n/12 for shared
 []


Underfull \hbox (badness 10000) in paragraph at lines 249--249
\OT1/ptm/m/n/12 mem-ory
 []


Underfull \hbox (badness 10000) in paragraph at lines 249--249
[]|\OT1/ptm/m/n/12 Valid ta-ble
 []


Underfull \hbox (badness 10000) in paragraph at lines 249--249
\OT1/ptm/m/n/12 should be
 []


Underfull \hbox (badness 10000) in paragraph at lines 249--249
\OT1/ptm/m/n/12 gen-er-ated
 []


Underfull \hbox (badness 10000) in paragraph at lines 249--249
\OT1/ptm/m/n/12 for shared
 []


Underfull \hbox (badness 10000) in paragraph at lines 249--249
[]|\OT1/ptm/m/n/12 Same
 []


Underfull \hbox (badness 10000) in paragraph at lines 249--249
\OT1/ptm/m/n/12 as Ex-
 []


Underfull \hbox (badness 10000) in paragraph at lines 250--250
[]|\OT1/ptm/m/n/12 Valid ta-ble
 []


Underfull \hbox (badness 10000) in paragraph at lines 250--250
\OT1/ptm/m/n/12 should be
 []


Underfull \hbox (badness 10000) in paragraph at lines 250--250
\OT1/ptm/m/n/12 gen-er-ated
 []


Underfull \hbox (badness 10000) in paragraph at lines 250--250
[]|\OT1/ptm/m/n/12 Same
 []


Underfull \hbox (badness 10000) in paragraph at lines 250--250
\OT1/ptm/m/n/12 as Ex-
 []


Underfull \hbox (badness 10000) in paragraph at lines 252--252
[]|\OT1/ptm/m/n/12 Analysis
 []


Underfull \hbox (badness 7944) in paragraph at lines 252--252
\OT1/ptm/m/n/12 of crit-i-cal
 []


Underfull \hbox (badness 10000) in paragraph at lines 252--252
[]|\OT1/ptm/m/n/12 Critical
 []


Underfull \hbox (badness 10000) in paragraph at lines 252--252
\OT1/ptm/m/n/12 sec-tions
 []


Underfull \hbox (badness 10000) in paragraph at lines 252--252
\OT1/ptm/m/n/12 blocks are
 []


Underfull \hbox (badness 7030) in paragraph at lines 252--252
[]|\OT1/ptm/m/n/12 a) Lock-ing
 []


Underfull \hbox (badness 3884) in paragraph at lines 252--252
\OT1/ptm/m/n/12 ing mech-a-
 []


Underfull \hbox (badness 10000) in paragraph at lines 252--252
[]|\OT1/ptm/m/n/12 Check
 []


Underfull \hbox (badness 10000) in paragraph at lines 252--252
\OT1/ptm/m/n/12 wheter
 []


Underfull \hbox (badness 10000) in paragraph at lines 252--252
\OT1/ptm/m/n/12 un-lock-ing
 []


Underfull \hbox (badness 10000) in paragraph at lines 252--252
\OT1/ptm/m/n/12 mech-a-nism
 []


Underfull \hbox (badness 1701) in paragraph at lines 252--252
\OT1/ptm/m/n/12 is ex-ist for
 []


Underfull \hbox (badness 10000) in paragraph at lines 252--252
\OT1/ptm/m/n/12 Crit-i-cal
 []


Underfull \hbox (badness 10000) in paragraph at lines 252--252
[]|\OT1/ptm/m/n/12 Same
 []


Underfull \hbox (badness 10000) in paragraph at lines 252--252
\OT1/ptm/m/n/12 as Ex-
 []


Underfull \hbox (badness 10000) in paragraph at lines 253--253
[]|\OT1/ptm/m/n/12 b) Crit-i-cal
 []


Underfull \hbox (badness 10000) in paragraph at lines 253--253
\OT1/ptm/m/n/12 Sec-tion
 []


Underfull \hbox (badness 10000) in paragraph at lines 253--253
[]|\OT1/ptm/m/n/12 If crit-i-cal
 []


Underfull \hbox (badness 10000) in paragraph at lines 253--253
\OT1/ptm/m/n/12 syn-chro-
 []


Underfull \hbox (badness 10000) in paragraph at lines 253--253
\OT1/ptm/m/n/12 nized then
 []


Underfull \hbox (badness 10000) in paragraph at lines 253--253
[]|\OT1/ptm/m/n/12 Same
 []


Underfull \hbox (badness 10000) in paragraph at lines 253--253
\OT1/ptm/m/n/12 as Ex-
 []


Package Fancyhdr Warning: \headheight is too small (12.0pt): 
 Make it at least 14.49998pt.
 We now make it that large for the rest of the document.
 This may cause the page layout to be inconsistent, however.

[38]

Package Fancyhdr Warning: \headheight is too small (12.0pt): 
 Make it at least 14.49998pt.
 We now make it that large for the rest of the document.
 This may cause the page layout to be inconsistent, however.

[39]

Package Fancyhdr Warning: \headheight is too small (12.0pt): 
 Make it at least 14.49998pt.
 We now make it that large for the rest of the document.
 This may cause the page layout to be inconsistent, however.

[40]) (./schedule.tex

Package Fancyhdr Warning: \headheight is too small (12.0pt): 
 Make it at least 14.49998pt.
 We now make it that large for the rest of the document.
 This may cause the page layout to be inconsistent, however.

[41]
Chapter 7.
LaTeX Font Info:    Font shape `OMS/ptm/m/n' in size <12> not available
(Font)              Font shape `OMS/pzccm/m/n' tried instead on input line 6.
<gantt_chart.png, id=636, 520.19344pt x 392.21532pt>
File: gantt_chart.png Graphic file (type png)
 <use gantt_chart.png>)
(./conclusion.tex

Package Fancyhdr Warning: \headheight is too small (12.0pt): 
 Make it at least 14.49998pt.
 We now make it that large for the rest of the document.
 This may cause the page layout to be inconsistent, however.

[42

pdfTeX warning (ext4): destination with the same identifier (name{figure.7.1}) 
has been already used, duplicate ignored

\AtBegShi@Output ...ipout \box \AtBeginShipoutBox 
                                                  \fi \fi 
l.1 \chapter
            {Conclusion and Future Scope} <./gantt_chart.png>]
Chapter 8.
) (./ref.tex

Package Fancyhdr Warning: \headheight is too small (12.0pt): 
 Make it at least 14.49998pt.
 We now make it that large for the rest of the document.
 This may cause the page layout to be inconsistent, however.

[43

]
! Use of \@item doesn't match its definition.
\text@command #1->\def \reserved@a {
                                    #1}\ifx \reserved@a \@empty \let \check@...
l.10 \bibitem\emph
                  {"Automatic Critical Section Discovery using Memory Usage ...

? 
! Extra }, or forgotten \endgroup.
\Hy@pstringdef ...y@gtemp {\pdf@escapestring {#2}}
                                                  \endgroup \let #1\Hy@gtemp 
l.10 \bibitem\emph
                  {"Automatic Critical Section Discovery using Memory Usage ...

? 
! Extra \else.
\Hy@raisedlink #1->\ifvmode #1\else 
                                    \penalty \@M \smash {\begingroup \let \H...
l.10 \bibitem\emph
                  {"Automatic Critical Section Discovery using Memory Usage ...

? 
! Use of \@item doesn't match its definition.
\text@command #1->\def \reserved@a {
                                    #1}\ifx \reserved@a \@empty \let \check@...
l.10 \bibitem\emph
                  {"Automatic Critical Section Discovery using Memory Usage ...

? 
! Extra }, or forgotten \endgroup.
\Hy@pstringdef ...y@gtemp {\pdf@escapestring {#2}}
                                                  \endgroup \let #1\Hy@gtemp 
l.10 \bibitem\emph
                  {"Automatic Critical Section Discovery using Memory Usage ...

? 
! Use of \@item doesn't match its definition.
\text@command #1->\def \reserved@a {
                                    #1}\ifx \reserved@a \@empty \let \check@...
l.11 \bibitem\emph
                  {"Race Condition Detection for Debugging Shared Memory in ...

? 
! Extra }, or forgotten \endgroup.
\Hy@pstringdef ...y@gtemp {\pdf@escapestring {#2}}
                                                  \endgroup \let #1\Hy@gtemp 
l.11 \bibitem\emph
                  {"Race Condition Detection for Debugging Shared Memory in ...

? 
! Extra \else.
\Hy@raisedlink #1->\ifvmode #1\else 
                                    \penalty \@M \smash {\begingroup \let \H...
l.11 \bibitem\emph
                  {"Race Condition Detection for Debugging Shared Memory in ...

? 
! Use of \@item doesn't match its definition.
\text@command #1->\def \reserved@a {
                                    #1}\ifx \reserved@a \@empty \let \check@...
l.11 \bibitem\emph
                  {"Race Condition Detection for Debugging Shared Memory in ...

? 
! Extra }, or forgotten \endgroup.
\Hy@pstringdef ...y@gtemp {\pdf@escapestring {#2}}
                                                  \endgroup \let #1\Hy@gtemp 
l.11 \bibitem\emph
                  {"Race Condition Detection for Debugging Shared Memory in ...

? 
! Use of \@item doesn't match its definition.
\text@command #1->\def \reserved@a {
                                    #1}\ifx \reserved@a \@empty \let \check@...
l.12 \bibitem\emph
                  {"Automatic Lock Insertion in Concurrent Programs"}; Tolub...

? 
! Extra }, or forgotten \endgroup.
\Hy@pstringdef ...y@gtemp {\pdf@escapestring {#2}}
                                                  \endgroup \let #1\Hy@gtemp 
l.12 \bibitem\emph
                  {"Automatic Lock Insertion in Concurrent Programs"}; Tolub...

? 
! Extra \else.
\Hy@raisedlink #1->\ifvmode #1\else 
                                    \penalty \@M \smash {\begingroup \let \H...
l.12 \bibitem\emph
                  {"Automatic Lock Insertion in Concurrent Programs"}; Tolub...

? 
! Use of \@item doesn't match its definition.
\text@command #1->\def \reserved@a {
                                    #1}\ifx \reserved@a \@empty \let \check@...
l.12 \bibitem\emph
                  {"Automatic Lock Insertion in Concurrent Programs"}; Tolub...

? 
! Extra }, or forgotten \endgroup.
\Hy@pstringdef ...y@gtemp {\pdf@escapestring {#2}}
                                                  \endgroup \let #1\Hy@gtemp 
l.12 \bibitem\emph
                  {"Automatic Lock Insertion in Concurrent Programs"}; Tolub...

? 
Missing character: There is no ‚ in font ptmr7t!
Missing character: There is no Ä in font ptmr7t!
Missing character: There is no î in font ptmr7t!

Underfull \hbox (badness 3039) in paragraph at lines 12--13
[]\OT1/ptm/m/n/12 "Automatic Lock In-ser-tion in Con-cur-rent Pro-grams"; Tol-u
baeva, M., Com-pu-ta-tional
 []


Underfull \hbox (badness 4647) in paragraph at lines 12--13
\OT1/ptm/m/n/12 In-tel-li-gence for Mod-elling Con-trol and Au-toma-tion, 2008 
In-ter-na-tional Con-fer-ence,
 []

! Use of \@item doesn't match its definition.
\text@command #1->\def \reserved@a {
                                    #1}\ifx \reserved@a \@empty \let \check@...
l.13 \bibitem\emph
                  {"Minimum Lock Assignment: A Method for Exploiting Concurr...

? 
! Extra }, or forgotten \endgroup.
\Hy@pstringdef ...y@gtemp {\pdf@escapestring {#2}}
                                                  \endgroup \let #1\Hy@gtemp 
l.13 \bibitem\emph
                  {"Minimum Lock Assignment: A Method for Exploiting Concurr...

? 
! Extra \else.
\Hy@raisedlink #1->\ifvmode #1\else 
                                    \penalty \@M \smash {\begingroup \let \H...
l.13 \bibitem\emph
                  {"Minimum Lock Assignment: A Method for Exploiting Concurr...

? 
! Use of \@item doesn't match its definition.
\text@command #1->\def \reserved@a {
                                    #1}\ifx \reserved@a \@empty \let \check@...
l.13 \bibitem\emph
                  {"Minimum Lock Assignment: A Method for Exploiting Concurr...

? 
! Extra }, or forgotten \endgroup.
\Hy@pstringdef ...y@gtemp {\pdf@escapestring {#2}}
                                                  \endgroup \let #1\Hy@gtemp 
l.13 \bibitem\emph
                  {"Minimum Lock Assignment: A Method for Exploiting Concurr...

? 
Missing character: There is no ‚ in font ptmr7t!
Missing character: There is no Ä in font ptmr7t!
Missing character: There is no î in font ptmr7t!
! Use of \@item doesn't match its definition.
\text@command #1->\def \reserved@a {
                                    #1}\ifx \reserved@a \@empty \let \check@...
l.14 \bibitem\emph
                  {"Multithreaded Programming Framework Development for gcc ...

? 
! Extra }, or forgotten \endgroup.
\Hy@pstringdef ...y@gtemp {\pdf@escapestring {#2}}
                                                  \endgroup \let #1\Hy@gtemp 
l.14 \bibitem\emph
                  {"Multithreaded Programming Framework Development for gcc ...

? 
! Extra \else.
\Hy@raisedlink #1->\ifvmode #1\else 
                                    \penalty \@M \smash {\begingroup \let \H...
l.14 \bibitem\emph
                  {"Multithreaded Programming Framework Development for gcc ...

? 
! Use of \@item doesn't match its definition.
\text@command #1->\def \reserved@a {
                                    #1}\ifx \reserved@a \@empty \let \check@...
l.14 \bibitem\emph
                  {"Multithreaded Programming Framework Development for gcc ...

? 
! Extra }, or forgotten \endgroup.
\Hy@pstringdef ...y@gtemp {\pdf@escapestring {#2}}
                                                  \endgroup \let #1\Hy@gtemp 
l.14 \bibitem\emph
                  {"Multithreaded Programming Framework Development for gcc ...

? 
Missing character: There is no ¬ in font ptmr7t!
Missing character: There is no © in font ptmr7t!
! Use of \@item doesn't match its definition.
\text@command #1->\def \reserved@a {
                                    #1}\ifx \reserved@a \@empty \let \check@...
l.15 \bibitem\emph
                   https://computing.llnl.gov/tutorials/pthreads/
? 
! Extra }, or forgotten \endgroup.
\Hy@pstringdef ...y@gtemp {\pdf@escapestring {#2}}
                                                  \endgroup \let #1\Hy@gtemp 
l.15 \bibitem\emph
                   https://computing.llnl.gov/tutorials/pthreads/
? 
! Extra \else.
\Hy@raisedlink #1->\ifvmode #1\else 
                                    \penalty \@M \smash {\begingroup \let \H...
l.15 \bibitem\emph
                   https://computing.llnl.gov/tutorials/pthreads/
? 
! Use of \@item doesn't match its definition.
\text@command #1->\def \reserved@a {
                                    #1}\ifx \reserved@a \@empty \let \check@...
l.15 \bibitem\emph
                   https://computing.llnl.gov/tutorials/pthreads/
? 
! Extra }, or forgotten \endgroup.
\Hy@pstringdef ...y@gtemp {\pdf@escapestring {#2}}
                                                  \endgroup \let #1\Hy@gtemp 
l.15 \bibitem\emph
                   https://computing.llnl.gov/tutorials/pthreads/
? 
! Use of \@item doesn't match its definition.
\text@command #1->\def \reserved@a {
                                    #1}\ifx \reserved@a \@empty \let \check@...
l.17 \bibitem\emph
                   {GNU Compiler Collection}; http://gcc.gnu.org
? 
! Extra }, or forgotten \endgroup.
\Hy@pstringdef ...y@gtemp {\pdf@escapestring {#2}}
                                                  \endgroup \let #1\Hy@gtemp 
l.17 \bibitem\emph
                   {GNU Compiler Collection}; http://gcc.gnu.org
? 
! Extra \else.
\Hy@raisedlink #1->\ifvmode #1\else 
                                    \penalty \@M \smash {\begingroup \let \H...
l.17 \bibitem\emph
                   {GNU Compiler Collection}; http://gcc.gnu.org
? 
! Use of \@item doesn't match its definition.
\text@command #1->\def \reserved@a {
                                    #1}\ifx \reserved@a \@empty \let \check@...
l.17 \bibitem\emph
                   {GNU Compiler Collection}; http://gcc.gnu.org
? 
! Extra }, or forgotten \endgroup.
\Hy@pstringdef ...y@gtemp {\pdf@escapestring {#2}}
                                                  \endgroup \let #1\Hy@gtemp 
l.17 \bibitem\emph
                   {GNU Compiler Collection}; http://gcc.gnu.org
? 
! Use of \@item doesn't match its definition.
\text@command #1->\def \reserved@a {
                                    #1}\ifx \reserved@a \@empty \let \check@...
l.18 \bibitem\emph
                   {GNU Compiler Collection Internals} http://gcc.gnu.org/on...

? 
! Extra }, or forgotten \endgroup.
\Hy@pstringdef ...y@gtemp {\pdf@escapestring {#2}}
                                                  \endgroup \let #1\Hy@gtemp 
l.18 \bibitem\emph
                   {GNU Compiler Collection Internals} http://gcc.gnu.org/on...

? 
! Extra \else.
\Hy@raisedlink #1->\ifvmode #1\else 
                                    \penalty \@M \smash {\begingroup \let \H...
l.18 \bibitem\emph
                   {GNU Compiler Collection Internals} http://gcc.gnu.org/on...

? 
! Use of \@item doesn't match its definition.
\text@command #1->\def \reserved@a {
                                    #1}\ifx \reserved@a \@empty \let \check@...
l.18 \bibitem\emph
                   {GNU Compiler Collection Internals} http://gcc.gnu.org/on...

? 
! Extra }, or forgotten \endgroup.
\Hy@pstringdef ...y@gtemp {\pdf@escapestring {#2}}
                                                  \endgroup \let #1\Hy@gtemp 
l.18 \bibitem\emph
                   {GNU Compiler Collection Internals} http://gcc.gnu.org/on...

? 
! Use of \@item doesn't match its definition.
\text@command #1->\def \reserved@a {
                                    #1}\ifx \reserved@a \@empty \let \check@...
l.19 \bibitem\emph
                   http://en.wikipedia.org/
? 
! Extra }, or forgotten \endgroup.
\Hy@pstringdef ...y@gtemp {\pdf@escapestring {#2}}
                                                  \endgroup \let #1\Hy@gtemp 
l.19 \bibitem\emph
                   http://en.wikipedia.org/
? 
! Extra \else.
\Hy@raisedlink #1->\ifvmode #1\else 
                                    \penalty \@M \smash {\begingroup \let \H...
l.19 \bibitem\emph
                   http://en.wikipedia.org/
? 
! Use of \@item doesn't match its definition.
\text@command #1->\def \reserved@a {
                                    #1}\ifx \reserved@a \@empty \let \check@...
l.19 \bibitem\emph
                   http://en.wikipedia.org/
? 
! Extra }, or forgotten \endgroup.
\Hy@pstringdef ...y@gtemp {\pdf@escapestring {#2}}
                                                  \endgroup \let #1\Hy@gtemp 
l.19 \bibitem\emph
                   http://en.wikipedia.org/
? 
)

Package Fancyhdr Warning: \headheight is too small (12.0pt): 
 Make it at least 14.49998pt.
 We now make it that large for the rest of the document.
 This may cause the page layout to be inconsistent, however.

[44

pdfTeX warning (ext4): destination with the same identifier (name{cite.\\protec
t\040\\unhbox\040\\voidb@x\040\\bgroup\040\\def\040\let \ETC.}) has been alread
y used, duplicate ignored

\AtBegShi@Output ...ipout \box \AtBeginShipoutBox 
                                                  \fi \fi 
l.154 \end{document}
                    pdfTeX warning (ext4): destination with the same identifier
 (name{cite.\\protect\040\\unhbox\040\\voidb@x\040\\bgroup\040\\def\040\let \ET
C.}) has been already used, duplicate ignored

\AtBegShi@Output ...ipout \box \AtBeginShipoutBox 
                                                  \fi \fi 
l.154 \end{document}
                    pdfTeX warning (ext4): destination with the same identifier
 (name{cite.\\protect\040\\unhbox\040\\voidb@x\040\\bgroup\040\\def\040\let \ET
C.}) has been already used, duplicate ignored

\AtBegShi@Output ...ipout \box \AtBeginShipoutBox 
                                                  \fi \fi 
l.154 \end{document}
                    pdfTeX warning (ext4): destination with the same identifier
 (name{cite.\\protect\040\\unhbox\040\\voidb@x\040\\bgroup\040\\def\040\let \ET
C.}) has been already used, duplicate ignored

\AtBegShi@Output ...ipout \box \AtBeginShipoutBox 
                                                  \fi \fi 
l.154 \end{document}
                    pdfTeX warning (ext4): destination with the same identifier
 (name{cite.\\protect\040\\unhbox\040\\voidb@x\040\\bgroup\040\\def\040\let \ET
C.}) has been already used, duplicate ignored

\AtBegShi@Output ...ipout \box \AtBeginShipoutBox 
                                                  \fi \fi 
l.154 \end{document}
                    pdfTeX warning (ext4): destination with the same identifier
 (name{cite.\\protect\040\\unhbox\040\\voidb@x\040\\bgroup\040\\def\040\let \ET
C.}) has been already used, duplicate ignored

\AtBegShi@Output ...ipout \box \AtBeginShipoutBox 
                                                  \fi \fi 
l.154 \end{document}
                    pdfTeX warning (ext4): destination with the same identifier
 (name{cite.\\protect\040\\unhbox\040\\voidb@x\040\\bgroup\040\\def\040\let \ET
C.}) has been already used, duplicate ignored

\AtBegShi@Output ...ipout \box \AtBeginShipoutBox 
                                                  \fi \fi 
l.154 \end{document}
                    pdfTeX warning (ext4): destination with the same identifier
 (name{cite.\\protect\040\\unhbox\040\\voidb@x\040\\bgroup\040\\def\040\let \ET
C.}) has been already used, duplicate ignored

\AtBegShi@Output ...ipout \box \AtBeginShipoutBox 
                                                  \fi \fi 
l.154 \end{document}
                    pdfTeX warning (ext4): destination with the same identifier
 (name{cite.\\protect\040\\unhbox\040\\voidb@x\040\\bgroup\040\\def\040\let \ET
C.}) has been already used, duplicate ignored

\AtBegShi@Output ...ipout \box \AtBeginShipoutBox 
                                                  \fi \fi 
l.154 \end{document}
                    pdfTeX warning (ext4): destination with the same identifier
 (name{cite.\\protect\040\\unhbox\040\\voidb@x\040\\bgroup\040\\def\040\let \ET
C.}) has been already used, duplicate ignored

\AtBegShi@Output ...ipout \box \AtBeginShipoutBox 
                                                  \fi \fi 
l.154 \end{document}
                    pdfTeX warning (ext4): destination with the same identifier
 (name{cite.\\protect\040\\unhbox\040\\voidb@x\040\\bgroup\040\\def\040\let \ET
C.}) has been already used, duplicate ignored

\AtBegShi@Output ...ipout \box \AtBeginShipoutBox 
                                                  \fi \fi 
l.154 \end{document}
                    pdfTeX warning (ext4): destination with the same identifier
 (name{cite.\\protect\040\\unhbox\040\\voidb@x\040\\bgroup\040\\def\040\let \ET
C.}) has been already used, duplicate ignored

\AtBegShi@Output ...ipout \box \AtBeginShipoutBox 
                                                  \fi \fi 
l.154 \end{document}
                    pdfTeX warning (ext4): destination with the same identifier
 (name{cite.\\protect\040\\unhbox\040\\voidb@x\040\\bgroup\040\\def\040\let \ET
C.}) has been already used, duplicate ignored

\AtBegShi@Output ...ipout \box \AtBeginShipoutBox 
                                                  \fi \fi 
l.154 \end{document}
                    pdfTeX warning (ext4): destination with the same identifier
 (name{cite.\\protect\040\\unhbox\040\\voidb@x\040\\bgroup\040\\def\040\let \ET
C.}) has been already used, duplicate ignored

\AtBegShi@Output ...ipout \box \AtBeginShipoutBox 
                                                  \fi \fi 
l.154 \end{document}
                    pdfTeX warning (ext4): destination with the same identifier
 (name{cite.\\protect\040\\unhbox\040\\voidb@x\040\\bgroup\040\\def\040\let \ET
C.}) has been already used, duplicate ignored

\AtBegShi@Output ...ipout \box \AtBeginShipoutBox 
                                                  \fi \fi 
l.154 \end{document}
                    pdfTeX warning (ext4): destination with the same identifier
 (name{cite.\\protect\040\\unhbox\040\\voidb@x\040\\bgroup\040\\def\040\let \ET
C.}) has been already used, duplicate ignored

\AtBegShi@Output ...ipout \box \AtBeginShipoutBox 
                                                  \fi \fi 
l.154 \end{document}
                    pdfTeX warning (ext4): destination with the same identifier
 (name{cite.\\protect\040\\unhbox\040\\voidb@x\040\\bgroup\040\\def\040\let \ET
C.}) has been already used, duplicate ignored

\AtBegShi@Output ...ipout \box \AtBeginShipoutBox 
                                                  \fi \fi 
l.154 \end{document}
                    ] (./report.aux
! Missing \endcsname inserted.
<to be read again> 
                   \protect 
l.171 \bibcite{\emph  }{1}
                          
? 
! Missing \endcsname inserted.
<to be read again> 
                   \protect 
l.172 \bibcite{\emph  }{2}
                          
? 
! Missing \endcsname inserted.
<to be read again> 
                   \protect 
l.173 \bibcite{\emph  }{3}
                          
? 
! Missing \endcsname inserted.
<to be read again> 
                   \protect 
l.174 \bibcite{\emph  }{4}
                          
? 
! Missing \endcsname inserted.
<to be read again> 
                   \protect 
l.175 \bibcite{\emph  }{5}
                          
? 
! Missing \endcsname inserted.
<to be read again> 
                   \protect 
l.176 \bibcite{\emph  }{6}
                          
? 
! Missing \endcsname inserted.
<to be read again> 
                   \protect 
l.177 \bibcite{\emph  }{7}
                          
? 
! Missing \endcsname inserted.
<to be read again> 
                   \protect 
l.178 \bibcite{\emph  }{8}
                          
? 
! Missing \endcsname inserted.
<to be read again> 
                   \protect 
l.179 \bibcite{\emph  }{9}
                          
? 
)

LaTeX Warning: There were multiply-defined labels.

 )
(\end occurred inside a group at level 1)

### simple group (level 1) entered at line 14 ({)
### bottom level
(\end occurred when \ifmmode on line 19 was incomplete)
(\end occurred when \ifx on line 19 was incomplete)
(\end occurred when \ifmmode on line 19 was incomplete)
(\end occurred when \ifvmode on line 19 was incomplete)
(\end occurred when \ifmmode on line 18 was incomplete)
(\end occurred when \ifx on line 18 was incomplete)
(\end occurred when \ifmmode on line 18 was incomplete)
(\end occurred when \ifvmode on line 18 was incomplete)
(\end occurred when \ifmmode on line 17 was incomplete)
(\end occurred when \ifx on line 17 was incomplete)
(\end occurred when \ifmmode on line 17 was incomplete)
(\end occurred when \ifvmode on line 17 was incomplete)
(\end occurred when \ifmmode on line 15 was incomplete)
(\end occurred when \ifx on line 15 was incomplete)
(\end occurred when \ifmmode on line 15 was incomplete)
(\end occurred when \ifvmode on line 15 was incomplete)
(\end occurred when \ifmmode on line 14 was incomplete)
(\end occurred when \ifx on line 14 was incomplete)
(\end occurred when \ifmmode on line 14 was incomplete)
(\end occurred when \ifvmode on line 14 was incomplete)
(\end occurred when \ifmmode on line 13 was incomplete)
(\end occurred when \ifx on line 13 was incomplete)
(\end occurred when \ifmmode on line 13 was incomplete)
(\end occurred when \ifvmode on line 13 was incomplete)
(\end occurred when \ifmmode on line 12 was incomplete)
(\end occurred when \ifx on line 12 was incomplete)
(\end occurred when \ifmmode on line 12 was incomplete)
(\end occurred when \ifvmode on line 12 was incomplete)
(\end occurred when \ifmmode on line 11 was incomplete)
(\end occurred when \ifx on line 11 was incomplete)
(\end occurred when \ifmmode on line 11 was incomplete)
(\end occurred when \ifvmode on line 11 was incomplete)
(\end occurred when \ifmmode on line 10 was incomplete)
(\end occurred when \ifx on line 10 was incomplete)
(\end occurred when \ifmmode on line 10 was incomplete)
(\end occurred when \ifvmode on line 10 was incomplete) 
Here is how much of TeX's memory you used:
 7574 strings out of 495061
 110008 string characters out of 1182622
 243149 words of memory out of 3000000
 10375 multiletter control sequences out of 15000+50000
 46249 words of font info for 87 fonts, out of 3000000 for 9000
 28 hyphenation exceptions out of 8191
 38i,12n,43p,872b,557s stack positions out of 5000i,500n,10000p,200000b,50000s
{/usr/share/texmf-texliv
e/fonts/enc/dvips/base/8r.enc}</usr/share/texmf-texlive/fonts/type1/public/amsf
onts/cm/cmmi12.pfb></usr/share/texmf-texlive/fonts/type1/public/amsfonts/cm/cms
y10.pfb></usr/share/texmf-texlive/fonts/type1/urw/courier/ucrr8a.pfb></usr/shar
e/texmf-texlive/fonts/type1/urw/times/utmb8a.pfb></usr/share/texmf-texlive/font
s/type1/urw/times/utmbi8a.pfb></usr/share/texmf-texlive/fonts/type1/urw/times/u
tmr8a.pfb></usr/share/texmf-texlive/fonts/type1/urw/times/utmr8a.pfb></usr/shar
e/texmf-texlive/fonts/type1/urw/times/utmri8a.pfb>
Output written on report.pdf (55 pages, 1431740 bytes).
PDF statistics:
 715 PDF objects out of 1000 (max. 8388607)
 156 named destinations out of 1000 (max. 500000)
 634 words of extra memory for PDF output out of 10000 (max. 10000000)

