\BOOKMARK [0][-]{chapter.1}{Introduction}{}
\BOOKMARK [1][-]{section.1.1}{Background}{chapter.1}
\BOOKMARK [2][-]{subsection.1.1.1}{Multithreading}{section.1.1}
\BOOKMARK [2][-]{subsection.1.1.2}{POSIX thread \(pthread\) libraries}{section.1.1}
\BOOKMARK [2][-]{subsection.1.1.3}{Critical Section}{section.1.1}
\BOOKMARK [2][-]{subsection.1.1.4}{Race Condition}{section.1.1}
\BOOKMARK [2][-]{subsection.1.1.5}{Synchronization}{section.1.1}
\BOOKMARK [1][-]{section.1.2}{Need}{chapter.1}
\BOOKMARK [1][-]{section.1.3}{Motivation}{chapter.1}
\BOOKMARK [1][-]{section.1.4}{Objective}{chapter.1}
\BOOKMARK [0][-]{chapter.2}{Literature Survey}{}
\BOOKMARK [1][-]{section.2.1}{Static Analysis}{chapter.2}
\BOOKMARK [1][-]{section.2.2}{Dynamic Analysis}{chapter.2}
\BOOKMARK [2][-]{subsection.2.2.1}{Valgrind}{section.2.2}
\BOOKMARK [1][-]{section.2.3}{Automatic Critical Section Discovery Using Memory Usage Patterns}{chapter.2}
\BOOKMARK [2][-]{subsection.2.3.1}{Summary}{section.2.3}
\BOOKMARK [2][-]{subsection.2.3.2}{Advantages}{section.2.3}
\BOOKMARK [2][-]{subsection.2.3.3}{Disadvantages}{section.2.3}
\BOOKMARK [1][-]{section.2.4}{Automatic Lock Insertion in Concurrent Programs}{chapter.2}
\BOOKMARK [2][-]{subsection.2.4.1}{Summary}{section.2.4}
\BOOKMARK [2][-]{subsection.2.4.2}{Advantages}{section.2.4}
\BOOKMARK [1][-]{section.2.5}{Minimum Lock Assignment: A Method for Exploiting Concurrency among Critical Sections}{chapter.2}
\BOOKMARK [2][-]{subsection.2.5.1}{Summary}{section.2.5}
\BOOKMARK [0][-]{chapter.3}{Proposed Work}{}
\BOOKMARK [1][-]{section.3.1}{Problem Statement}{chapter.3}
\BOOKMARK [1][-]{section.3.2}{Scope}{chapter.3}
\BOOKMARK [0][-]{chapter.4}{Research Methodology}{}
\BOOKMARK [1][-]{section.4.1}{Steps to acquire and process}{chapter.4}
\BOOKMARK [2][-]{subsection.4.1.1}{Parser \040Tokenize \(Flex\)}{section.4.1}
\BOOKMARK [2][-]{subsection.4.1.2}{Grammar \040Generation of tables \(Yacc\)}{section.4.1}
\BOOKMARK [2][-]{subsection.4.1.3}{Analysis}{section.4.1}
\BOOKMARK [0][-]{chapter.5}{Project Design}{}
\BOOKMARK [1][-]{section.5.1}{Software Requirement Specification}{chapter.5}
\BOOKMARK [2][-]{subsection.5.1.1}{Hardware Requirements}{section.5.1}
\BOOKMARK [2][-]{subsection.5.1.2}{Software Requirements}{section.5.1}
\BOOKMARK [2][-]{subsection.5.1.3}{Technologies Used}{section.5.1}
\BOOKMARK [1][-]{section.5.2}{U.M.L. Diagrams}{chapter.5}
\BOOKMARK [2][-]{subsection.5.2.1}{Use Case}{section.5.2}
\BOOKMARK [2][-]{subsection.5.2.2}{State Chart}{section.5.2}
\BOOKMARK [2][-]{subsection.5.2.3}{Sequence Diagram}{section.5.2}
\BOOKMARK [2][-]{subsection.5.2.4}{Collaboration Diagram}{section.5.2}
\BOOKMARK [2][-]{subsection.5.2.5}{Activity Diagram}{section.5.2}
\BOOKMARK [2][-]{subsection.5.2.6}{Component Diagram}{section.5.2}
\BOOKMARK [2][-]{subsection.5.2.7}{Deployment Diagram}{section.5.2}
\BOOKMARK [0][-]{chapter.6}{Implementation}{}
\BOOKMARK [1][-]{section.6.1}{Architecture}{chapter.6}
\BOOKMARK [2][-]{subsection.6.1.1}{Input Source Files}{section.6.1}
\BOOKMARK [2][-]{subsection.6.1.2}{Parser, Tokenizer, Grammar}{section.6.1}
\BOOKMARK [2][-]{subsection.6.1.3}{Generating Tables}{section.6.1}
\BOOKMARK [2][-]{subsection.6.1.4}{Analysis}{section.6.1}
\BOOKMARK [2][-]{subsection.6.1.5}{Output}{section.6.1}
\BOOKMARK [1][-]{section.6.2}{Generating Tables}{chapter.6}
\BOOKMARK [1][-]{section.6.3}{Output}{chapter.6}
\BOOKMARK [1][-]{section.6.4}{Manual Testing}{chapter.6}
\BOOKMARK [0][-]{chapter.7}{Scheduling}{}
\BOOKMARK [1][-]{section.7.1}{Proposed Modules}{chapter.7}
\BOOKMARK [1][-]{section.7.2}{Scheduling}{chapter.7}
\BOOKMARK [0][-]{chapter.8}{Conclusion and Future Scope}{}
\BOOKMARK [1][-]{section.8.1}{Conclusion}{chapter.8}
\BOOKMARK [1][-]{section.8.2}{Future Scope}{chapter.8}
\BOOKMARK [0][-]{chapter*.16}{References}{}
